Log file open, 03/28/22 12:47:28
LogWindows: Failed to load 'aqProf.dll' (GetLastError=126)
LogWindows: File 'aqProf.dll' does not exist
LogWindows: Failed to load 'VtuneApi.dll' (GetLastError=126)
LogWindows: File 'VtuneApi.dll' does not exist
LogWindows: Failed to load 'VtuneApi32e.dll' (GetLastError=126)
LogWindows: File 'VtuneApi32e.dll' does not exist
LogConsoleResponse: Display: Failed to find resolution value strings in scalability ini. Falling back to default.
LogConsoleResponse: Display: Failed to find resolution value strings in scalability ini. Falling back to default.
LogInit: Display: Running engine for game: RaccoonGame
LogPlatformFile: Not using cached read wrapper
LogTaskGraph: Started task graph with 5 named threads and 35 total threads with 3 sets of task threads.
LogStats: Stats thread started at 0.233661
LogICUInternationalization: ICU TimeZone Detection - Raw Offset: -5:00, Platform Override: ''
LogInit: Display: Loading text-based GConfig....
LogPluginManager: Mounting plugin MeshPainting
LogPluginManager: Mounting plugin XGEController
LogPluginManager: Mounting plugin Paper2D
LogPluginManager: Mounting plugin AISupport
LogPluginManager: Mounting plugin EnvironmentQueryEditor
LogPluginManager: Mounting plugin LightPropagationVolume
LogPluginManager: Mounting plugin LiveLink
LogPluginManager: Mounting plugin CameraShakePreviewer
LogPluginManager: Mounting plugin GameplayCameras
LogPluginManager: Mounting plugin OodleData
LogPluginManager: Mounting plugin OodleNetwork
LogPluginManager: Mounting plugin AssetManagerEditor
LogPluginManager: Mounting plugin CryptoKeys
LogPluginManager: Mounting plugin DataValidation
LogPluginManager: Mounting plugin FacialAnimation
LogPluginManager: Mounting plugin GameplayTagsEditor
LogPluginManager: Mounting plugin GeometryMode
LogPluginManager: Mounting plugin MacGraphicsSwitching
LogPluginManager: Mounting plugin MaterialAnalyzer
LogPluginManager: Mounting plugin MobileLauncherProfileWizard
LogPluginManager: Mounting plugin CurveEditorTools
LogPluginManager: Mounting plugin SpeedTreeImporter
LogPluginManager: Mounting plugin Niagara
LogPluginManager: Mounting plugin PluginBrowser
LogPluginManager: Mounting plugin AnimationSharing
LogPluginManager: Mounting plugin CodeLiteSourceCodeAccess
LogPluginManager: Mounting plugin CLionSourceCodeAccess
LogPluginManager: Mounting plugin KDevelopSourceCodeAccess
LogPluginManager: Mounting plugin GitSourceControl
LogPluginManager: Mounting plugin PerforceSourceControl
LogPluginManager: Mounting plugin NullSourceCodeAccess
LogPluginManager: Mounting plugin PixWinPlugin
LogPluginManager: Mounting plugin PlasticSourceControl
LogPluginManager: Mounting plugin PluginUtils
LogPluginManager: Mounting plugin PropertyAccessNode
LogPluginManager: Mounting plugin RiderSourceCodeAccess
LogPluginManager: Mounting plugin SubversionSourceControl
LogPluginManager: Mounting plugin TextureFormatOodle
LogPluginManager: Mounting plugin UObjectPlugin
LogPluginManager: Mounting plugin AlembicImporter
LogPluginManager: Mounting plugin AutomationUtils
LogPluginManager: Mounting plugin VisualStudioCodeSourceCodeAccess
LogPluginManager: Mounting plugin BackChannel
LogPluginManager: Mounting plugin DatasmithContent
LogPluginManager: Mounting plugin VisualStudioSourceCodeAccess
LogPluginManager: Mounting plugin XCodeSourceCodeAccess
LogPluginManager: Mounting plugin VariantManagerContent
LogPluginManager: Mounting plugin LuminPlatformFeatures
LogPluginManager: Mounting plugin MagicLeap
LogPluginManager: Mounting plugin MagicLeapLightEstimation
LogPluginManager: Mounting plugin ChaosCloth
LogPluginManager: Mounting plugin MagicLeapMedia
LogPluginManager: Mounting plugin ChaosClothEditor
LogPluginManager: Mounting plugin MagicLeapPassableWorld
LogPluginManager: Mounting plugin ChaosEditor
LogPluginManager: Mounting plugin ChaosNiagara
LogPluginManager: Mounting plugin ChaosSolverPlugin
LogPluginManager: Mounting plugin MLSDK
LogPluginManager: Mounting plugin CharacterAI
LogPluginManager: Mounting plugin GeometryCache
LogPluginManager: Mounting plugin GeometryCollectionPlugin
LogPluginManager: Mounting plugin GeometryProcessing
LogPluginManager: Mounting plugin MotoSynth
LogPluginManager: Mounting plugin OpenImageDenoise
LogPluginManager: Mounting plugin PlanarCut
LogPluginManager: Mounting plugin PlatformCrypto
LogPluginManager: Mounting plugin ProxyLODPlugin
LogPluginManager: Mounting plugin PythonScriptPlugin
LogPluginManager: Mounting plugin SkeletalReduction
LogPluginManager: Mounting plugin AndroidMedia
LogPluginManager: Mounting plugin AvfMedia
LogPluginManager: Mounting plugin MediaCompositing
LogPluginManager: Mounting plugin MediaPlayerEditor
LogPluginManager: Mounting plugin ImgMedia
LogPluginManager: Mounting plugin TcpMessaging
LogPluginManager: Mounting plugin UdpMessaging
LogPluginManager: Mounting plugin WebMMedia
LogPluginManager: Mounting plugin WmfMedia
LogPluginManager: Mounting plugin ActorSequence
LogPluginManager: Mounting plugin LevelSequenceEditor
LogPluginManager: Mounting plugin MatineeToLevelSequence
LogPluginManager: Mounting plugin TemplateSequence
LogPluginManager: Mounting plugin OnlineSubsystem
LogPluginManager: Mounting plugin OnlineSubsystemNull
LogPluginManager: Mounting plugin LauncherChunkInstaller
LogPluginManager: Mounting plugin OnlineSubsystemUtils
LogPluginManager: Mounting plugin ActorLayerUtilities
LogPluginManager: Mounting plugin ScreenshotTools
LogPluginManager: Mounting plugin AndroidPermission
LogPluginManager: Mounting plugin AndroidDeviceProfileSelector
LogPluginManager: Mounting plugin AndroidMoviePlayer
LogPluginManager: Mounting plugin AppleImageUtils
LogPluginManager: Mounting plugin AppleMoviePlayer
LogPluginManager: Mounting plugin ArchVisCharacter
LogPluginManager: Mounting plugin ChunkDownloader
LogPluginManager: Mounting plugin AudioCapture
LogPluginManager: Mounting plugin CableComponent
LogPluginManager: Mounting plugin CustomMeshComponent
LogPluginManager: Mounting plugin AssetTags
LogPluginManager: Mounting plugin AudioSynesthesia
LogPluginManager: Mounting plugin EditableMesh
LogPluginManager: Mounting plugin ExampleDeviceProfileSelector
LogPluginManager: Mounting plugin GoogleCloudMessaging
LogPluginManager: Mounting plugin GooglePAD
LogPluginManager: Mounting plugin IOSDeviceProfileSelector
LogPluginManager: Mounting plugin LinuxDeviceProfileSelector
LogPluginManager: Mounting plugin LocationServicesBPLibrary
LogPluginManager: Mounting plugin MobilePatchingUtils
LogPluginManager: Mounting plugin OpenXREyeTracker
LogPluginManager: Mounting plugin OpenXRHandTracking
LogPluginManager: Mounting plugin OpenXR
LogPluginManager: Mounting plugin Takes
LogPluginManager: Mounting plugin PhysXVehicles
LogPluginManager: Mounting plugin PostSplashScreen
LogPluginManager: Mounting plugin PropertyAccessEditor
LogPluginManager: Mounting plugin RuntimePhysXCooking
LogPluginManager: Mounting plugin ProceduralMeshComponent
LogPluginManager: Mounting plugin SignificanceManager
LogPluginManager: Mounting plugin SoundFields
LogPluginManager: Mounting plugin SunPosition
LogPluginManager: Mounting plugin Synthesis
LogPluginManager: Mounting plugin WebMMoviePlayer
LogPluginManager: Mounting plugin WindowsMoviePlayer
LogPluginManager: Mounting plugin ContentBrowserAssetDataSource
LogPluginManager: Mounting plugin ContentBrowserClassDataSource
LogPluginManager: Mounting plugin ContentBrowserFileDataSource
LogPluginManager: Mounting plugin OnlineSubsystemGooglePlay
LogPluginManager: Mounting plugin OnlineSubsystemIOS
LogPluginManager: Mounting plugin OculusVR
LogPluginManager: Mounting plugin SteamVR
PixWinPlugin: PIX capture plugin failed to initialize! Check that the process is launched from PIX.
LogInit: Using libcurl 7.55.1-DEV
LogInit:  - built for x86_64-pc-win32
LogInit:  - supports SSL with OpenSSL/1.1.1
LogInit:  - supports HTTP deflate (compression) using libz 1.2.8
LogInit:  - other features:
LogInit:      CURL_VERSION_SSL
LogInit:      CURL_VERSION_LIBZ
LogInit:      CURL_VERSION_IPV6
LogInit:      CURL_VERSION_ASYNCHDNS
LogInit:      CURL_VERSION_LARGEFILE
LogInit:      CURL_VERSION_IDN
LogInit:  CurlRequestOptions (configurable via config and command line):
LogInit:  - bVerifyPeer = true  - Libcurl will verify peer certificate
LogInit:  - bUseHttpProxy = false  - Libcurl will NOT use HTTP proxy
LogInit:  - bDontReuseConnections = false  - Libcurl will reuse connections
LogInit:  - MaxHostConnections = 16  - Libcurl will limit the number of connections to a host
LogInit:  - LocalHostAddr = Default
LogInit:  - BufferSize = 65536
LogOnline: OSS: Creating online subsystem instance for: NULL
LogInit: WinSock: version 1.1 (2.2), MaxSocks=32767, MaxUdp=65467
LogOnline: OSS: TryLoadSubsystemAndSetDefault: Loaded subsystem for module [NULL]
LogOculusPluginWrapper: OculusPlugin initialized successfully
LogHMD: Failed initializing OVRPlugin 1.59.0
LogInit: Build: ++UE4+Release-4.27-CL-18319896
LogInit: Engine Version: 4.27.2-18319896+++UE4+Release-4.27
LogInit: Compatible Engine Version: 4.27.0-17155196+++UE4+Release-4.27
LogInit: Net CL: 17155196
LogInit: OS: Windows 10 (Release 2009) (), CPU: Intel(R) Core(TM) i7-8700K CPU @ 3.70GHz, GPU: NVIDIA GeForce GTX 1080
LogInit: Compiled (64-bit): Nov 30 2021 07:12:08
LogInit: Compiled with Visual C++: 19.24.28315.00
LogInit: Build Configuration: Development
LogInit: Branch Name: ++UE4+Release-4.27
LogInit: Command Line:  -EpicPortal -epiclocale=en -epicsandboxid=ue
LogInit: Base Directory: C:/Program Files/Epic Games/UE_4.27/Engine/Binaries/Win64/
LogInit: Allocator: TBB
LogInit: Installed Engine Build: 1
LogDevObjectVersion: Number of dev versions registered: 29
LogDevObjectVersion:   Dev-Blueprints (B0D832E4-1F89-4F0D-ACCF-7EB736FD4AA2): 10
LogDevObjectVersion:   Dev-Build (E1C64328-A22C-4D53-A36C-8E866417BD8C): 0
LogDevObjectVersion:   Dev-Core (375EC13C-06E4-48FB-B500-84F0262A717E): 4
LogDevObjectVersion:   Dev-Editor (E4B068ED-F494-42E9-A231-DA0B2E46BB41): 40
LogDevObjectVersion:   Dev-Framework (CFFC743F-43B0-4480-9391-14DF171D2073): 37
LogDevObjectVersion:   Dev-Mobile (B02B49B5-BB20-44E9-A304-32B752E40360): 3
LogDevObjectVersion:   Dev-Networking (A4E4105C-59A1-49B5-A7C5-40C4547EDFEE): 0
LogDevObjectVersion:   Dev-Online (39C831C9-5AE6-47DC-9A44-9C173E1C8E7C): 0
LogDevObjectVersion:   Dev-Physics (78F01B33-EBEA-4F98-B9B4-84EACCB95AA2): 14
LogDevObjectVersion:   Dev-Platform (6631380F-2D4D-43E0-8009-CF276956A95A): 0
LogDevObjectVersion:   Dev-Rendering (12F88B9F-8875-4AFC-A67C-D90C383ABD29): 45
LogDevObjectVersion:   Dev-Sequencer (7B5AE74C-D270-4C10-A958-57980B212A5A): 13
LogDevObjectVersion:   Dev-VR (D7296918-1DD6-4BDD-9DE2-64A83CC13884): 3
LogDevObjectVersion:   Dev-LoadTimes (C2A15278-BFE7-4AFE-6C17-90FF531DF755): 1
LogDevObjectVersion:   Private-Geometry (6EACA3D4-40EC-4CC1-B786-8BED09428FC5): 3
LogDevObjectVersion:   Dev-AnimPhys (29E575DD-E0A3-4627-9D10-D276232CDCEA): 17
LogDevObjectVersion:   Dev-Anim (AF43A65D-7FD3-4947-9873-3E8ED9C1BB05): 15
LogDevObjectVersion:   Dev-ReflectionCapture (6B266CEC-1EC7-4B8F-A30B-E4D90942FC07): 1
LogDevObjectVersion:   Dev-Automation (0DF73D61-A23F-47EA-B727-89E90C41499A): 1
LogDevObjectVersion:   FortniteMain (601D1886-AC64-4F84-AA16-D3DE0DEAC7D6): 47
LogDevObjectVersion:   FortniteRelease (E7086368-6B23-4C58-8439-1B7016265E91): 1
LogDevObjectVersion:   Dev-Enterprise (9DFFBCD6-494F-0158-E221-12823C92A888): 10
LogDevObjectVersion:   Dev-Niagara (F2AED0AC-9AFE-416F-8664-AA7FFA26D6FC): 1
LogDevObjectVersion:   Dev-Destruction (174F1F0B-B4C6-45A5-B13F-2EE8D0FB917D): 10
LogDevObjectVersion:   Dev-Physics-Ext (35F94A83-E258-406C-A318-09F59610247C): 41
LogDevObjectVersion:   Dev-PhysicsMaterial-Chaos (B68FC16E-8B1B-42E2-B453-215C058844FE): 1
LogDevObjectVersion:   Dev-CineCamera (B2E18506-4273-CFC2-A54E-F4BB758BBA07): 1
LogDevObjectVersion:   Dev-VirtualProduction (64F58936-FD1B-42BA-BA96-7289D5D0FA4E): 1
LogDevObjectVersion:   Dev-MediaFramework (6F0ED827-A609-4895-9C91-998D90180EA4): 2
LogInit: Presizing for max 25165824 objects, including 0 objects not considered by GC, pre-allocating 0 bytes for permanent pool.
LogConfig: Applying CVar settings from Section [/Script/Engine.StreamingSettings] File [C:/Users/ngarris/Documents/GitHub/RaccoonGame/Saved/Config/Windows/Engine.ini]
LogConfig: Setting CVar [[s.MinBulkDataSizeForAsyncLoading:131072]]
LogConfig: Setting CVar [[s.AsyncLoadingThreadEnabled:0]]
LogConfig: Setting CVar [[s.EventDrivenLoaderEnabled:1]]
LogConfig: Setting CVar [[s.WarnIfTimeLimitExceeded:0]]
LogConfig: Setting CVar [[s.TimeLimitExceededMultiplier:1.5]]
LogConfig: Setting CVar [[s.TimeLimitExceededMinTime:0.005]]
LogConfig: Setting CVar [[s.UseBackgroundLevelStreaming:1]]
LogConfig: Setting CVar [[s.PriorityAsyncLoadingExtraTime:15.0]]
LogConfig: Setting CVar [[s.LevelStreamingActorsUpdateTimeLimit:5.0]]
LogConfig: Setting CVar [[s.PriorityLevelStreamingActorsUpdateExtraTime:5.0]]
LogConfig: Setting CVar [[s.LevelStreamingComponentsRegistrationGranularity:10]]
LogConfig: Setting CVar [[s.UnregisterComponentsTimeLimit:1.0]]
LogConfig: Setting CVar [[s.LevelStreamingComponentsUnregistrationGranularity:5]]
LogConfig: Setting CVar [[s.FlushStreamingOnExit:1]]
LogInit: Object subsystem initialized
LogConfig: Setting CVar [[con.DebugEarlyDefault:1]]
LogConfig: Setting CVar [[r.setres:1280x720]]
[2022.03.28-16.47.29:488][  0]LogConfig: Setting CVar [[r.VSync:0]]
[2022.03.28-16.47.29:488][  0]LogConfig: Setting CVar [[r.RHICmdBypass:0]]
[2022.03.28-16.47.29:488][  0]LogConfig: Applying CVar settings from Section [/Script/Engine.RendererSettings] File [C:/Users/ngarris/Documents/GitHub/RaccoonGame/Saved/Config/Windows/Engine.ini]
[2022.03.28-16.47.29:488][  0]LogConfig: Setting CVar [[r.GPUCrashDebugging:0]]
[2022.03.28-16.47.29:488][  0]LogConfig: Applying CVar settings from Section [/Script/Engine.RendererOverrideSettings] File [C:/Users/ngarris/Documents/GitHub/RaccoonGame/Saved/Config/Windows/Engine.ini]
[2022.03.28-16.47.29:488][  0]LogConfig: Applying CVar settings from Section [/Script/Engine.StreamingSettings] File [C:/Users/ngarris/Documents/GitHub/RaccoonGame/Saved/Config/Windows/Engine.ini]
[2022.03.28-16.47.29:488][  0]LogConfig: Setting CVar [[s.MinBulkDataSizeForAsyncLoading:131072]]
[2022.03.28-16.47.29:488][  0]LogConfig: Setting CVar [[s.AsyncLoadingThreadEnabled:0]]
[2022.03.28-16.47.29:488][  0]LogConfig: Setting CVar [[s.EventDrivenLoaderEnabled:1]]
[2022.03.28-16.47.29:488][  0]LogConfig: Setting CVar [[s.WarnIfTimeLimitExceeded:0]]
[2022.03.28-16.47.29:488][  0]LogConfig: Setting CVar [[s.TimeLimitExceededMultiplier:1.5]]
[2022.03.28-16.47.29:488][  0]LogConfig: Setting CVar [[s.TimeLimitExceededMinTime:0.005]]
[2022.03.28-16.47.29:488][  0]LogConfig: Setting CVar [[s.UseBackgroundLevelStreaming:1]]
[2022.03.28-16.47.29:488][  0]LogConfig: Setting CVar [[s.PriorityAsyncLoadingExtraTime:15.0]]
[2022.03.28-16.47.29:488][  0]LogConfig: Setting CVar [[s.LevelStreamingActorsUpdateTimeLimit:5.0]]
[2022.03.28-16.47.29:488][  0]LogConfig: Setting CVar [[s.PriorityLevelStreamingActorsUpdateExtraTime:5.0]]
[2022.03.28-16.47.29:488][  0]LogConfig: Setting CVar [[s.LevelStreamingComponentsRegistrationGranularity:10]]
[2022.03.28-16.47.29:488][  0]LogConfig: Setting CVar [[s.UnregisterComponentsTimeLimit:1.0]]
[2022.03.28-16.47.29:488][  0]LogConfig: Setting CVar [[s.LevelStreamingComponentsUnregistrationGranularity:5]]
[2022.03.28-16.47.29:488][  0]LogConfig: Setting CVar [[s.FlushStreamingOnExit:1]]
[2022.03.28-16.47.29:488][  0]LogConfig: Applying CVar settings from Section [/Script/Engine.GarbageCollectionSettings] File [C:/Users/ngarris/Documents/GitHub/RaccoonGame/Saved/Config/Windows/Engine.ini]
[2022.03.28-16.47.29:489][  0]LogConfig: Setting CVar [[gc.MaxObjectsNotConsideredByGC:1]]
[2022.03.28-16.47.29:489][  0]LogConfig: Setting CVar [[gc.SizeOfPermanentObjectPool:0]]
[2022.03.28-16.47.29:489][  0]LogConfig: Setting CVar [[gc.FlushStreamingOnGC:0]]
[2022.03.28-16.47.29:489][  0]LogConfig: Setting CVar [[gc.NumRetriesBeforeForcingGC:10]]
[2022.03.28-16.47.29:489][  0]LogConfig: Setting CVar [[gc.AllowParallelGC:1]]
[2022.03.28-16.47.29:489][  0]LogConfig: Setting CVar [[gc.TimeBetweenPurgingPendingKillObjects:61.1]]
[2022.03.28-16.47.29:489][  0]LogConfig: Setting CVar [[gc.MaxObjectsInEditor:25165824]]
[2022.03.28-16.47.29:489][  0]LogConfig: Setting CVar [[gc.IncrementalBeginDestroyEnabled:1]]
[2022.03.28-16.47.29:489][  0]LogConfig: Setting CVar [[gc.CreateGCClusters:1]]
[2022.03.28-16.47.29:489][  0]LogConfig: Setting CVar [[gc.MinGCClusterSize:5]]
[2022.03.28-16.47.29:489][  0]LogConfig: Setting CVar [[gc.ActorClusteringEnabled:0]]
[2022.03.28-16.47.29:489][  0]LogConfig: Setting CVar [[gc.BlueprintClusteringEnabled:0]]
[2022.03.28-16.47.29:489][  0]LogConfig: Setting CVar [[gc.UseDisregardForGCOnDedicatedServers:0]]
[2022.03.28-16.47.29:489][  0]LogConfig: Setting CVar [[gc.MultithreadedDestructionEnabled:1]]
[2022.03.28-16.47.29:489][  0]LogConfig: Applying CVar settings from Section [/Script/Engine.NetworkSettings] File [C:/Users/ngarris/Documents/GitHub/RaccoonGame/Saved/Config/Windows/Engine.ini]
[2022.03.28-16.47.29:489][  0]LogConfig: Applying CVar settings from Section [/Script/UnrealEd.CookerSettings] File [C:/Users/ngarris/Documents/GitHub/RaccoonGame/Saved/Config/Windows/Engine.ini]
[2022.03.28-16.47.29:493][  0]LogConfig: Applying CVar settings from Section [ViewDistanceQuality@3] File [C:/Users/ngarris/Documents/GitHub/RaccoonGame/Saved/Config/Windows/Scalability.ini]
[2022.03.28-16.47.29:493][  0]LogConfig: Setting CVar [[r.SkeletalMeshLODBias:0]]
[2022.03.28-16.47.29:493][  0]LogConfig: Setting CVar [[r.ViewDistanceScale:1.0]]
[2022.03.28-16.47.29:493][  0]LogConfig: Applying CVar settings from Section [AntiAliasingQuality@3] File [C:/Users/ngarris/Documents/GitHub/RaccoonGame/Saved/Config/Windows/Scalability.ini]
[2022.03.28-16.47.29:493][  0]LogConfig: Setting CVar [[r.PostProcessAAQuality:4]]
[2022.03.28-16.47.29:493][  0]LogConfig: Applying CVar settings from Section [ShadowQuality@3] File [C:/Users/ngarris/Documents/GitHub/RaccoonGame/Saved/Config/Windows/Scalability.ini]
[2022.03.28-16.47.29:493][  0]LogConfig: Setting CVar [[r.LightFunctionQuality:1]]
[2022.03.28-16.47.29:493][  0]LogConfig: Setting CVar [[r.ShadowQuality:5]]
[2022.03.28-16.47.29:493][  0]LogConfig: Setting CVar [[r.Shadow.CSM.MaxCascades:10]]
[2022.03.28-16.47.29:493][  0]LogConfig: Setting CVar [[r.Shadow.MaxResolution:2048]]
[2022.03.28-16.47.29:493][  0]LogConfig: Setting CVar [[r.Shadow.MaxCSMResolution:2048]]
[2022.03.28-16.47.29:493][  0]LogConfig: Setting CVar [[r.Shadow.RadiusThreshold:0.01]]
[2022.03.28-16.47.29:494][  0]LogConfig: Setting CVar [[r.Shadow.DistanceScale:1.0]]
[2022.03.28-16.47.29:494][  0]LogConfig: Setting CVar [[r.Shadow.CSM.TransitionScale:1.0]]
[2022.03.28-16.47.29:494][  0]LogConfig: Setting CVar [[r.Shadow.PreShadowResolutionFactor:1.0]]
[2022.03.28-16.47.29:494][  0]LogConfig: Setting CVar [[r.DistanceFieldShadowing:1]]
[2022.03.28-16.47.29:494][  0]LogConfig: Setting CVar [[r.DistanceFieldAO:1]]
[2022.03.28-16.47.29:494][  0]LogConfig: Setting CVar [[r.AOQuality:2]]
[2022.03.28-16.47.29:494][  0]LogConfig: Setting CVar [[r.VolumetricFog:1]]
[2022.03.28-16.47.29:494][  0]LogConfig: Setting CVar [[r.VolumetricFog.GridPixelSize:8]]
[2022.03.28-16.47.29:494][  0]LogConfig: Setting CVar [[r.VolumetricFog.GridSizeZ:128]]
[2022.03.28-16.47.29:494][  0]LogConfig: Setting CVar [[r.VolumetricFog.HistoryMissSupersampleCount:4]]
[2022.03.28-16.47.29:494][  0]LogConfig: Setting CVar [[r.LightMaxDrawDistanceScale:1]]
[2022.03.28-16.47.29:494][  0]LogConfig: Setting CVar [[r.CapsuleShadows:1]]
[2022.03.28-16.47.29:494][  0]LogConfig: Applying CVar settings from Section [PostProcessQuality@3] File [C:/Users/ngarris/Documents/GitHub/RaccoonGame/Saved/Config/Windows/Scalability.ini]
[2022.03.28-16.47.29:494][  0]LogConfig: Setting CVar [[r.MotionBlurQuality:4]]
[2022.03.28-16.47.29:494][  0]LogConfig: Setting CVar [[r.AmbientOcclusionMipLevelFactor:0.4]]
[2022.03.28-16.47.29:494][  0]LogConfig: Setting CVar [[r.AmbientOcclusionMaxQuality:100]]
[2022.03.28-16.47.29:494][  0]LogConfig: Setting CVar [[r.AmbientOcclusionLevels:-1]]
[2022.03.28-16.47.29:494][  0]LogConfig: Setting CVar [[r.AmbientOcclusionRadiusScale:1.0]]
[2022.03.28-16.47.29:494][  0]LogConfig: Setting CVar [[r.DepthOfFieldQuality:2]]
[2022.03.28-16.47.29:494][  0]LogConfig: Setting CVar [[r.RenderTargetPoolMin:400]]
[2022.03.28-16.47.29:494][  0]LogConfig: Setting CVar [[r.LensFlareQuality:2]]
[2022.03.28-16.47.29:494][  0]LogConfig: Setting CVar [[r.SceneColorFringeQuality:1]]
[2022.03.28-16.47.29:494][  0]LogConfig: Setting CVar [[r.EyeAdaptationQuality:2]]
[2022.03.28-16.47.29:494][  0]LogConfig: Setting CVar [[r.BloomQuality:5]]
[2022.03.28-16.47.29:494][  0]LogConfig: Setting CVar [[r.FastBlurThreshold:100]]
[2022.03.28-16.47.29:494][  0]LogConfig: Setting CVar [[r.Upscale.Quality:3]]
[2022.03.28-16.47.29:494][  0]LogConfig: Setting CVar [[r.Tonemapper.GrainQuantization:1]]
[2022.03.28-16.47.29:494][  0]LogConfig: Setting CVar [[r.LightShaftQuality:1]]
[2022.03.28-16.47.29:494][  0]LogConfig: Setting CVar [[r.Filter.SizeScale:1]]
[2022.03.28-16.47.29:494][  0]LogConfig: Setting CVar [[r.Tonemapper.Quality:5]]
[2022.03.28-16.47.29:494][  0]LogConfig: Setting CVar [[r.DOF.Gather.AccumulatorQuality:1        ; higher gathering accumulator quality]]
[2022.03.28-16.47.29:494][  0]LogConfig: Setting CVar [[r.DOF.Gather.PostfilterMethod:1          ; Median3x3 postfilering method]]
[2022.03.28-16.47.29:494][  0]LogConfig: Setting CVar [[r.DOF.Gather.EnableBokehSettings:0       ; no bokeh simulation when gathering]]
[2022.03.28-16.47.29:494][  0]LogConfig: Setting CVar [[r.DOF.Gather.RingCount:4                 ; medium number of samples when gathering]]
[2022.03.28-16.47.29:494][  0]LogConfig: Setting CVar [[r.DOF.Scatter.ForegroundCompositing:1    ; additive foreground scattering]]
[2022.03.28-16.47.29:494][  0]LogConfig: Setting CVar [[r.DOF.Scatter.BackgroundCompositing:2    ; additive background scattering]]
[2022.03.28-16.47.29:494][  0]LogConfig: Setting CVar [[r.DOF.Scatter.EnableBokehSettings:1      ; bokeh simulation when scattering]]
[2022.03.28-16.47.29:494][  0]LogConfig: Setting CVar [[r.DOF.Scatter.MaxSpriteRatio:0.1         ; only a maximum of 10% of scattered bokeh]]
[2022.03.28-16.47.29:494][  0]LogConfig: Setting CVar [[r.DOF.Recombine.Quality:1                ; cheap slight out of focus]]
[2022.03.28-16.47.29:494][  0]LogConfig: Setting CVar [[r.DOF.Recombine.EnableBokehSettings:0    ; no bokeh simulation on slight out of focus]]
[2022.03.28-16.47.29:494][  0]LogConfig: Setting CVar [[r.DOF.TemporalAAQuality:1                ; more stable temporal accumulation]]
[2022.03.28-16.47.29:494][  0]LogConfig: Setting CVar [[r.DOF.Kernel.MaxForegroundRadius:0.025]]
[2022.03.28-16.47.29:494][  0]LogConfig: Setting CVar [[r.DOF.Kernel.MaxBackgroundRadius:0.025]]
[2022.03.28-16.47.29:494][  0]LogConfig: Applying CVar settings from Section [TextureQuality@3] File [C:/Users/ngarris/Documents/GitHub/RaccoonGame/Saved/Config/Windows/Scalability.ini]
[2022.03.28-16.47.29:494][  0]LogConfig: Setting CVar [[r.Streaming.MipBias:0]]
[2022.03.28-16.47.29:494][  0]LogConfig: Setting CVar [[r.Streaming.AmortizeCPUToGPUCopy:0]]
[2022.03.28-16.47.29:494][  0]LogConfig: Setting CVar [[r.Streaming.MaxNumTexturesToStreamPerFrame:0]]
[2022.03.28-16.47.29:494][  0]LogConfig: Setting CVar [[r.Streaming.Boost:1]]
[2022.03.28-16.47.29:494][  0]LogConfig: Setting CVar [[r.MaxAnisotropy:8]]
[2022.03.28-16.47.29:494][  0]LogConfig: Setting CVar [[r.VT.MaxAnisotropy:8]]
[2022.03.28-16.47.29:494][  0]LogConfig: Setting CVar [[r.Streaming.LimitPoolSizeToVRAM:0]]
[2022.03.28-16.47.29:494][  0]LogConfig: Setting CVar [[r.Streaming.PoolSize:1000]]
[2022.03.28-16.47.29:494][  0]LogConfig: Setting CVar [[r.Streaming.MaxEffectiveScreenSize:0]]
[2022.03.28-16.47.29:494][  0]LogConfig: Applying CVar settings from Section [EffectsQuality@3] File [C:/Users/ngarris/Documents/GitHub/RaccoonGame/Saved/Config/Windows/Scalability.ini]
[2022.03.28-16.47.29:494][  0]LogConfig: Setting CVar [[r.TranslucencyLightingVolumeDim:64]]
[2022.03.28-16.47.29:494][  0]LogConfig: Setting CVar [[r.RefractionQuality:2]]
[2022.03.28-16.47.29:494][  0]LogConfig: Setting CVar [[r.SSR.Quality:3]]
[2022.03.28-16.47.29:494][  0]LogConfig: Setting CVar [[r.SSR.HalfResSceneColor:0]]
[2022.03.28-16.47.29:494][  0]LogConfig: Setting CVar [[r.SceneColorFormat:4]]
[2022.03.28-16.47.29:494][  0]LogConfig: Setting CVar [[r.DetailMode:2]]
[2022.03.28-16.47.29:494][  0]LogConfig: Setting CVar [[r.TranslucencyVolumeBlur:1]]
[2022.03.28-16.47.29:494][  0]LogConfig: Setting CVar [[r.MaterialQualityLevel:1 ; High quality]]
[2022.03.28-16.47.29:494][  0]LogConfig: Setting CVar [[r.AnisotropicMaterials:1]]
[2022.03.28-16.47.29:494][  0]LogConfig: Setting CVar [[r.SSS.Scale:1]]
[2022.03.28-16.47.29:494][  0]LogConfig: Setting CVar [[r.SSS.SampleSet:2]]
[2022.03.28-16.47.29:494][  0]LogConfig: Setting CVar [[r.SSS.Quality:1]]
[2022.03.28-16.47.29:494][  0]LogConfig: Setting CVar [[r.SSS.HalfRes:0]]
[2022.03.28-16.47.29:494][  0]LogConfig: Setting CVar [[r.SSGI.Quality:3]]
[2022.03.28-16.47.29:494][  0]LogConfig: Setting CVar [[r.EmitterSpawnRateScale:1.0]]
[2022.03.28-16.47.29:494][  0]LogConfig: Setting CVar [[r.ParticleLightQuality:2]]
[2022.03.28-16.47.29:494][  0]LogConfig: Setting CVar [[r.SkyAtmosphere.AerialPerspectiveLUT.FastApplyOnOpaque:1 ; Always have FastSkyLUT 1 in this case to avoid wrong sky]]
[2022.03.28-16.47.29:494][  0]LogConfig: Setting CVar [[r.SkyAtmosphere.AerialPerspectiveLUT.SampleCountMaxPerSlice:4]]
[2022.03.28-16.47.29:494][  0]LogConfig: Setting CVar [[r.SkyAtmosphere.AerialPerspectiveLUT.DepthResolution:16.0]]
[2022.03.28-16.47.29:494][  0]LogConfig: Setting CVar [[r.SkyAtmosphere.FastSkyLUT:1]]
[2022.03.28-16.47.29:494][  0]LogConfig: Setting CVar [[r.SkyAtmosphere.FastSkyLUT.SampleCountMin:4.0]]
[2022.03.28-16.47.29:494][  0]LogConfig: Setting CVar [[r.SkyAtmosphere.FastSkyLUT.SampleCountMax:128.0]]
[2022.03.28-16.47.29:494][  0]LogConfig: Setting CVar [[r.SkyAtmosphere.SampleCountMin:4.0]]
[2022.03.28-16.47.29:494][  0]LogConfig: Setting CVar [[r.SkyAtmosphere.SampleCountMax:128.0]]
[2022.03.28-16.47.29:494][  0]LogConfig: Setting CVar [[r.SkyAtmosphere.TransmittanceLUT.UseSmallFormat:0]]
[2022.03.28-16.47.29:494][  0]LogConfig: Setting CVar [[r.SkyAtmosphere.TransmittanceLUT.SampleCount:10.0]]
[2022.03.28-16.47.29:494][  0]LogConfig: Setting CVar [[r.SkyAtmosphere.MultiScatteringLUT.SampleCount:15.0]]
[2022.03.28-16.47.29:494][  0]LogConfig: Setting CVar [[r.SkyLight.RealTimeReflectionCapture:1]]
[2022.03.28-16.47.29:494][  0]LogConfig: Applying CVar settings from Section [FoliageQuality@3] File [C:/Users/ngarris/Documents/GitHub/RaccoonGame/Saved/Config/Windows/Scalability.ini]
[2022.03.28-16.47.29:494][  0]LogConfig: Setting CVar [[foliage.DensityScale:1.0]]
[2022.03.28-16.47.29:494][  0]LogConfig: Setting CVar [[grass.DensityScale:1.0]]
[2022.03.28-16.47.29:494][  0]LogConfig: Applying CVar settings from Section [ShadingQuality@3] File [C:/Users/ngarris/Documents/GitHub/RaccoonGame/Saved/Config/Windows/Scalability.ini]
[2022.03.28-16.47.29:494][  0]LogConfig: Setting CVar [[r.HairStrands.SkyLighting.IntegrationType:2]]
[2022.03.28-16.47.29:494][  0]LogConfig: Setting CVar [[r.HairStrands.SkyAO.SampleCount:4]]
[2022.03.28-16.47.29:494][  0]LogConfig: Setting CVar [[r.HairStrands.Visibility.MSAA.SamplePerPixel:4]]
[2022.03.28-16.47.29:495][  0]LogInit: Selected Device Profile: [Windows]
[2022.03.28-16.47.29:495][  0]LogInit: Applying CVar settings loaded from the selected device profile: [Windows]
[2022.03.28-16.47.29:495][  0]LogHAL: Display: Platform has ~ 64 GB [68540968960 / 68719476736 / 64], which maps to Largest [LargestMinGB=32, LargerMinGB=12, DefaultMinGB=8, SmallerMinGB=6, SmallestMinGB=0)
[2022.03.28-16.47.29:495][  0]LogInit: Going up to parent DeviceProfile []
[2022.03.28-16.47.29:495][  0]LogConfig: Applying CVar settings from Section [ViewDistanceQuality@3] File [C:/Users/ngarris/Documents/GitHub/RaccoonGame/Saved/Config/Windows/Scalability.ini]
[2022.03.28-16.47.29:495][  0]LogConfig: Setting CVar [[r.SkeletalMeshLODBias:0]]
[2022.03.28-16.47.29:495][  0]LogConfig: Setting CVar [[r.ViewDistanceScale:1.0]]
[2022.03.28-16.47.29:495][  0]LogConfig: Applying CVar settings from Section [AntiAliasingQuality@3] File [C:/Users/ngarris/Documents/GitHub/RaccoonGame/Saved/Config/Windows/Scalability.ini]
[2022.03.28-16.47.29:495][  0]LogConfig: Setting CVar [[r.PostProcessAAQuality:4]]
[2022.03.28-16.47.29:495][  0]LogConfig: Applying CVar settings from Section [ShadowQuality@3] File [C:/Users/ngarris/Documents/GitHub/RaccoonGame/Saved/Config/Windows/Scalability.ini]
[2022.03.28-16.47.29:495][  0]LogConfig: Setting CVar [[r.LightFunctionQuality:1]]
[2022.03.28-16.47.29:495][  0]LogConfig: Setting CVar [[r.ShadowQuality:5]]
[2022.03.28-16.47.29:495][  0]LogConfig: Setting CVar [[r.Shadow.CSM.MaxCascades:10]]
[2022.03.28-16.47.29:495][  0]LogConfig: Setting CVar [[r.Shadow.MaxResolution:2048]]
[2022.03.28-16.47.29:495][  0]LogConfig: Setting CVar [[r.Shadow.MaxCSMResolution:2048]]
[2022.03.28-16.47.29:495][  0]LogConfig: Setting CVar [[r.Shadow.RadiusThreshold:0.01]]
[2022.03.28-16.47.29:495][  0]LogConfig: Setting CVar [[r.Shadow.DistanceScale:1.0]]
[2022.03.28-16.47.29:495][  0]LogConfig: Setting CVar [[r.Shadow.CSM.TransitionScale:1.0]]
[2022.03.28-16.47.29:495][  0]LogConfig: Setting CVar [[r.Shadow.PreShadowResolutionFactor:1.0]]
[2022.03.28-16.47.29:495][  0]LogConfig: Setting CVar [[r.DistanceFieldShadowing:1]]
[2022.03.28-16.47.29:495][  0]LogConfig: Setting CVar [[r.DistanceFieldAO:1]]
[2022.03.28-16.47.29:495][  0]LogConfig: Setting CVar [[r.AOQuality:2]]
[2022.03.28-16.47.29:495][  0]LogConfig: Setting CVar [[r.VolumetricFog:1]]
[2022.03.28-16.47.29:495][  0]LogConfig: Setting CVar [[r.VolumetricFog.GridPixelSize:8]]
[2022.03.28-16.47.29:495][  0]LogConfig: Setting CVar [[r.VolumetricFog.GridSizeZ:128]]
[2022.03.28-16.47.29:495][  0]LogConfig: Setting CVar [[r.VolumetricFog.HistoryMissSupersampleCount:4]]
[2022.03.28-16.47.29:495][  0]LogConfig: Setting CVar [[r.LightMaxDrawDistanceScale:1]]
[2022.03.28-16.47.29:495][  0]LogConfig: Setting CVar [[r.CapsuleShadows:1]]
[2022.03.28-16.47.29:495][  0]LogConfig: Applying CVar settings from Section [PostProcessQuality@3] File [C:/Users/ngarris/Documents/GitHub/RaccoonGame/Saved/Config/Windows/Scalability.ini]
[2022.03.28-16.47.29:495][  0]LogConfig: Setting CVar [[r.MotionBlurQuality:4]]
[2022.03.28-16.47.29:495][  0]LogConfig: Setting CVar [[r.AmbientOcclusionMipLevelFactor:0.4]]
[2022.03.28-16.47.29:495][  0]LogConfig: Setting CVar [[r.AmbientOcclusionMaxQuality:100]]
[2022.03.28-16.47.29:495][  0]LogConfig: Setting CVar [[r.AmbientOcclusionLevels:-1]]
[2022.03.28-16.47.29:495][  0]LogConfig: Setting CVar [[r.AmbientOcclusionRadiusScale:1.0]]
[2022.03.28-16.47.29:495][  0]LogConfig: Setting CVar [[r.DepthOfFieldQuality:2]]
[2022.03.28-16.47.29:495][  0]LogConfig: Setting CVar [[r.RenderTargetPoolMin:400]]
[2022.03.28-16.47.29:495][  0]LogConfig: Setting CVar [[r.LensFlareQuality:2]]
[2022.03.28-16.47.29:495][  0]LogConfig: Setting CVar [[r.SceneColorFringeQuality:1]]
[2022.03.28-16.47.29:495][  0]LogConfig: Setting CVar [[r.EyeAdaptationQuality:2]]
[2022.03.28-16.47.29:495][  0]LogConfig: Setting CVar [[r.BloomQuality:5]]
[2022.03.28-16.47.29:495][  0]LogConfig: Setting CVar [[r.FastBlurThreshold:100]]
[2022.03.28-16.47.29:495][  0]LogConfig: Setting CVar [[r.Upscale.Quality:3]]
[2022.03.28-16.47.29:495][  0]LogConfig: Setting CVar [[r.Tonemapper.GrainQuantization:1]]
[2022.03.28-16.47.29:495][  0]LogConfig: Setting CVar [[r.LightShaftQuality:1]]
[2022.03.28-16.47.29:495][  0]LogConfig: Setting CVar [[r.Filter.SizeScale:1]]
[2022.03.28-16.47.29:495][  0]LogConfig: Setting CVar [[r.Tonemapper.Quality:5]]
[2022.03.28-16.47.29:495][  0]LogConfig: Setting CVar [[r.DOF.Gather.AccumulatorQuality:1        ; higher gathering accumulator quality]]
[2022.03.28-16.47.29:495][  0]LogConfig: Setting CVar [[r.DOF.Gather.PostfilterMethod:1          ; Median3x3 postfilering method]]
[2022.03.28-16.47.29:495][  0]LogConfig: Setting CVar [[r.DOF.Gather.EnableBokehSettings:0       ; no bokeh simulation when gathering]]
[2022.03.28-16.47.29:495][  0]LogConfig: Setting CVar [[r.DOF.Gather.RingCount:4                 ; medium number of samples when gathering]]
[2022.03.28-16.47.29:495][  0]LogConfig: Setting CVar [[r.DOF.Scatter.ForegroundCompositing:1    ; additive foreground scattering]]
[2022.03.28-16.47.29:495][  0]LogConfig: Setting CVar [[r.DOF.Scatter.BackgroundCompositing:2    ; additive background scattering]]
[2022.03.28-16.47.29:495][  0]LogConfig: Setting CVar [[r.DOF.Scatter.EnableBokehSettings:1      ; bokeh simulation when scattering]]
[2022.03.28-16.47.29:495][  0]LogConfig: Setting CVar [[r.DOF.Scatter.MaxSpriteRatio:0.1         ; only a maximum of 10% of scattered bokeh]]
[2022.03.28-16.47.29:495][  0]LogConfig: Setting CVar [[r.DOF.Recombine.Quality:1                ; cheap slight out of focus]]
[2022.03.28-16.47.29:495][  0]LogConfig: Setting CVar [[r.DOF.Recombine.EnableBokehSettings:0    ; no bokeh simulation on slight out of focus]]
[2022.03.28-16.47.29:495][  0]LogConfig: Setting CVar [[r.DOF.TemporalAAQuality:1                ; more stable temporal accumulation]]
[2022.03.28-16.47.29:495][  0]LogConfig: Setting CVar [[r.DOF.Kernel.MaxForegroundRadius:0.025]]
[2022.03.28-16.47.29:495][  0]LogConfig: Setting CVar [[r.DOF.Kernel.MaxBackgroundRadius:0.025]]
[2022.03.28-16.47.29:495][  0]LogConfig: Applying CVar settings from Section [TextureQuality@3] File [C:/Users/ngarris/Documents/GitHub/RaccoonGame/Saved/Config/Windows/Scalability.ini]
[2022.03.28-16.47.29:495][  0]LogConfig: Setting CVar [[r.Streaming.MipBias:0]]
[2022.03.28-16.47.29:495][  0]LogConfig: Setting CVar [[r.Streaming.AmortizeCPUToGPUCopy:0]]
[2022.03.28-16.47.29:495][  0]LogConfig: Setting CVar [[r.Streaming.MaxNumTexturesToStreamPerFrame:0]]
[2022.03.28-16.47.29:495][  0]LogConfig: Setting CVar [[r.Streaming.Boost:1]]
[2022.03.28-16.47.29:495][  0]LogConfig: Setting CVar [[r.MaxAnisotropy:8]]
[2022.03.28-16.47.29:495][  0]LogConfig: Setting CVar [[r.VT.MaxAnisotropy:8]]
[2022.03.28-16.47.29:495][  0]LogConfig: Setting CVar [[r.Streaming.LimitPoolSizeToVRAM:0]]
[2022.03.28-16.47.29:495][  0]LogConfig: Setting CVar [[r.Streaming.PoolSize:1000]]
[2022.03.28-16.47.29:495][  0]LogConfig: Setting CVar [[r.Streaming.MaxEffectiveScreenSize:0]]
[2022.03.28-16.47.29:495][  0]LogConfig: Applying CVar settings from Section [EffectsQuality@3] File [C:/Users/ngarris/Documents/GitHub/RaccoonGame/Saved/Config/Windows/Scalability.ini]
[2022.03.28-16.47.29:495][  0]LogConfig: Setting CVar [[r.TranslucencyLightingVolumeDim:64]]
[2022.03.28-16.47.29:495][  0]LogConfig: Setting CVar [[r.RefractionQuality:2]]
[2022.03.28-16.47.29:495][  0]LogConfig: Setting CVar [[r.SSR.Quality:3]]
[2022.03.28-16.47.29:495][  0]LogConfig: Setting CVar [[r.SSR.HalfResSceneColor:0]]
[2022.03.28-16.47.29:495][  0]LogConfig: Setting CVar [[r.SceneColorFormat:4]]
[2022.03.28-16.47.29:495][  0]LogConfig: Setting CVar [[r.DetailMode:2]]
[2022.03.28-16.47.29:495][  0]LogConfig: Setting CVar [[r.TranslucencyVolumeBlur:1]]
[2022.03.28-16.47.29:495][  0]LogConfig: Setting CVar [[r.MaterialQualityLevel:1 ; High quality]]
[2022.03.28-16.47.29:495][  0]LogConfig: Setting CVar [[r.AnisotropicMaterials:1]]
[2022.03.28-16.47.29:495][  0]LogConfig: Setting CVar [[r.SSS.Scale:1]]
[2022.03.28-16.47.29:495][  0]LogConfig: Setting CVar [[r.SSS.SampleSet:2]]
[2022.03.28-16.47.29:495][  0]LogConfig: Setting CVar [[r.SSS.Quality:1]]
[2022.03.28-16.47.29:495][  0]LogConfig: Setting CVar [[r.SSS.HalfRes:0]]
[2022.03.28-16.47.29:495][  0]LogConfig: Setting CVar [[r.SSGI.Quality:3]]
[2022.03.28-16.47.29:495][  0]LogConfig: Setting CVar [[r.EmitterSpawnRateScale:1.0]]
[2022.03.28-16.47.29:496][  0]LogConfig: Setting CVar [[r.ParticleLightQuality:2]]
[2022.03.28-16.47.29:496][  0]LogConfig: Setting CVar [[r.SkyAtmosphere.AerialPerspectiveLUT.FastApplyOnOpaque:1 ; Always have FastSkyLUT 1 in this case to avoid wrong sky]]
[2022.03.28-16.47.29:496][  0]LogConfig: Setting CVar [[r.SkyAtmosphere.AerialPerspectiveLUT.SampleCountMaxPerSlice:4]]
[2022.03.28-16.47.29:496][  0]LogConfig: Setting CVar [[r.SkyAtmosphere.AerialPerspectiveLUT.DepthResolution:16.0]]
[2022.03.28-16.47.29:496][  0]LogConfig: Setting CVar [[r.SkyAtmosphere.FastSkyLUT:1]]
[2022.03.28-16.47.29:496][  0]LogConfig: Setting CVar [[r.SkyAtmosphere.FastSkyLUT.SampleCountMin:4.0]]
[2022.03.28-16.47.29:496][  0]LogConfig: Setting CVar [[r.SkyAtmosphere.FastSkyLUT.SampleCountMax:128.0]]
[2022.03.28-16.47.29:496][  0]LogConfig: Setting CVar [[r.SkyAtmosphere.SampleCountMin:4.0]]
[2022.03.28-16.47.29:496][  0]LogConfig: Setting CVar [[r.SkyAtmosphere.SampleCountMax:128.0]]
[2022.03.28-16.47.29:496][  0]LogConfig: Setting CVar [[r.SkyAtmosphere.TransmittanceLUT.UseSmallFormat:0]]
[2022.03.28-16.47.29:496][  0]LogConfig: Setting CVar [[r.SkyAtmosphere.TransmittanceLUT.SampleCount:10.0]]
[2022.03.28-16.47.29:496][  0]LogConfig: Setting CVar [[r.SkyAtmosphere.MultiScatteringLUT.SampleCount:15.0]]
[2022.03.28-16.47.29:496][  0]LogConfig: Setting CVar [[r.SkyLight.RealTimeReflectionCapture:1]]
[2022.03.28-16.47.29:496][  0]LogConfig: Applying CVar settings from Section [FoliageQuality@3] File [C:/Users/ngarris/Documents/GitHub/RaccoonGame/Saved/Config/Windows/Scalability.ini]
[2022.03.28-16.47.29:496][  0]LogConfig: Setting CVar [[foliage.DensityScale:1.0]]
[2022.03.28-16.47.29:496][  0]LogConfig: Setting CVar [[grass.DensityScale:1.0]]
[2022.03.28-16.47.29:496][  0]LogConfig: Applying CVar settings from Section [ShadingQuality@3] File [C:/Users/ngarris/Documents/GitHub/RaccoonGame/Saved/Config/Windows/Scalability.ini]
[2022.03.28-16.47.29:496][  0]LogConfig: Setting CVar [[r.HairStrands.SkyLighting.IntegrationType:2]]
[2022.03.28-16.47.29:496][  0]LogConfig: Setting CVar [[r.HairStrands.SkyAO.SampleCount:4]]
[2022.03.28-16.47.29:496][  0]LogConfig: Setting CVar [[r.HairStrands.Visibility.MSAA.SamplePerPixel:4]]
[2022.03.28-16.47.29:496][  0]LogConfig: Applying CVar settings from Section [Startup] File [../../../Engine/Config/ConsoleVariables.ini]
[2022.03.28-16.47.29:496][  0]LogConfig: Setting CVar [[net.UseAdaptiveNetUpdateFrequency:0]]
[2022.03.28-16.47.29:496][  0]LogConfig: Setting CVar [[p.chaos.AllowCreatePhysxBodies:1]]
[2022.03.28-16.47.29:496][  0]LogConfig: Setting CVar [[fx.SkipVectorVMBackendOptimizations:1]]
[2022.03.28-16.47.29:496][  0]LogConfig: Applying CVar settings from Section [ConsoleVariables] File [C:/Users/ngarris/Documents/GitHub/RaccoonGame/Saved/Config/Windows/Engine.ini]
[2022.03.28-16.47.29:496][  0]LogConfig: Applying CVar settings from Section [ConsoleVariables] File [C:/Users/ngarris/Documents/GitHub/RaccoonGame/Saved/Config/Windows/Editor.ini]
[2022.03.28-16.47.29:496][  0]LogInit: Computer: FL222-21
[2022.03.28-16.47.29:496][  0]LogInit: User: NGarris
[2022.03.28-16.47.29:496][  0]LogInit: CPU Page size=4096, Cores=6
[2022.03.28-16.47.29:496][  0]LogInit: High frequency timer resolution =10.000000 MHz
[2022.03.28-16.47.29:496][  0]LogMemory: Memory total: Physical=63.8GB (64GB approx)
[2022.03.28-16.47.29:496][  0]LogMemory: Platform Memory Stats for Windows
[2022.03.28-16.47.29:496][  0]LogMemory: Process Physical Memory: 140.45 MB used, 140.45 MB peak
[2022.03.28-16.47.29:496][  0]LogMemory: Process Virtual Memory: 122.93 MB used, 122.93 MB peak
[2022.03.28-16.47.29:496][  0]LogMemory: Physical Memory: 14490.33 MB used,  50875.43 MB free, 65365.76 MB total
[2022.03.28-16.47.29:496][  0]LogMemory: Virtual Memory: 134156600.00 MB used,  61131.69 MB free, 134217728.00 MB total
[2022.03.28-16.47.29:501][  0]LogWindows: WindowsPlatformFeatures enabled
[2022.03.28-16.47.29:522][  0]LogInit: Physics initialised using underlying interface: PhysX
[2022.03.28-16.47.29:523][  0]LogInit: Using OS detected language (en-US).
[2022.03.28-16.47.29:523][  0]LogInit: Using OS detected locale (en-US).
[2022.03.28-16.47.29:529][  0]LogTextLocalizationManager: No specific localization for 'en-US' exists, so the 'en' localization will be used.
[2022.03.28-16.47.29:710][  0]LogInit: Setting process to per monitor DPI aware
[2022.03.28-16.47.29:724][  0]LogWindowsTextInputMethodSystem: Display: IME system deactivated.
[2022.03.28-16.47.29:737][  0]LogSlate: New Slate User Created.  User Index 0, Is Virtual User: 0
[2022.03.28-16.47.29:737][  0]LogSlate: Slate User Registered.  User Index 0, Is Virtual User: 0
[2022.03.28-16.47.29:875][  0]LogD3D11RHI: Loaded GFSDK_Aftermath_Lib.x64.dll
[2022.03.28-16.47.29:878][  0]LogHMD: Failed to initialize OpenVR with code 110
[2022.03.28-16.47.29:878][  0]LogD3D11RHI: D3D11 min allowed feature level: 11_0
[2022.03.28-16.47.29:878][  0]LogD3D11RHI: D3D11 max allowed feature level: 11_0
[2022.03.28-16.47.29:878][  0]LogD3D11RHI: D3D11 adapters:
[2022.03.28-16.47.29:958][  0]LogD3D11RHI:    0. 'NVIDIA GeForce GTX 1080' (Feature Level 11_0)
[2022.03.28-16.47.29:958][  0]LogD3D11RHI:       8079/0/32682 MB DedicatedVideo/DedicatedSystem/SharedSystem, Outputs:1, VendorId:0x10de
[2022.03.28-16.47.29:992][  0]LogD3D11RHI:    1. 'Intel(R) UHD Graphics 630' (Feature Level 11_0)
[2022.03.28-16.47.29:992][  0]LogD3D11RHI:       128/0/32682 MB DedicatedVideo/DedicatedSystem/SharedSystem, Outputs:0, VendorId:0x8086
[2022.03.28-16.47.29:994][  0]LogD3D11RHI:    2. 'Microsoft Basic Render Driver' (Feature Level 11_0)
[2022.03.28-16.47.29:994][  0]LogD3D11RHI:       0/0/32682 MB DedicatedVideo/DedicatedSystem/SharedSystem, Outputs:0, VendorId:0x1414
[2022.03.28-16.47.29:994][  0]LogD3D11RHI: Chosen D3D11 Adapter:
[2022.03.28-16.47.29:994][  0]LogD3D11RHI:     Description : NVIDIA GeForce GTX 1080
[2022.03.28-16.47.29:994][  0]LogD3D11RHI:     VendorId    : 10de
[2022.03.28-16.47.29:994][  0]LogD3D11RHI:     DeviceId    : 1b80
[2022.03.28-16.47.29:994][  0]LogD3D11RHI:     SubSysId    : 33661028
[2022.03.28-16.47.29:994][  0]LogD3D11RHI:     Revision    : 00a1
[2022.03.28-16.47.29:994][  0]LogD3D11RHI:     DedicatedVideoMemory : 8471445504 bytes
[2022.03.28-16.47.29:994][  0]LogD3D11RHI:     DedicatedSystemMemory : 0 bytes
[2022.03.28-16.47.29:994][  0]LogD3D11RHI:     SharedSystemMemory : 34270484480 bytes
[2022.03.28-16.47.29:994][  0]LogD3D11RHI:     AdapterLuid : 0 62820
[2022.03.28-16.47.30:000][  0]LogD3D11RHI: Creating new Direct3DDevice
[2022.03.28-16.47.30:000][  0]LogD3D11RHI:     GPU DeviceId: 0x1b80 (for the marketing name, search the web for "GPU Device Id")
[2022.03.28-16.47.30:000][  0]LogWindows: EnumDisplayDevices:
[2022.03.28-16.47.30:000][  0]LogWindows:    0. 'NVIDIA GeForce GTX 1080' (P:1 D:1)
[2022.03.28-16.47.30:000][  0]LogWindows:    1. 'NVIDIA GeForce GTX 1080' (P:0 D:0)
[2022.03.28-16.47.30:001][  0]LogWindows:    2. 'NVIDIA GeForce GTX 1080' (P:0 D:0)
[2022.03.28-16.47.30:001][  0]LogWindows:    3. 'NVIDIA GeForce GTX 1080' (P:0 D:0)
[2022.03.28-16.47.30:001][  0]LogWindows:    4. 'Intel(R) UHD Graphics 630' (P:0 D:0)
[2022.03.28-16.47.30:001][  0]LogWindows:    5. 'Intel(R) UHD Graphics 630' (P:0 D:0)
[2022.03.28-16.47.30:001][  0]LogWindows:    6. 'Intel(R) UHD Graphics 630' (P:0 D:0)
[2022.03.28-16.47.30:002][  0]LogWindows: DebugString: PrimaryIsNotTheChoosenAdapter PrimaryIsNotTheChoosenAdapter PrimaryIsNotTheChoosenAdapter FoundDriverCount:4 
[2022.03.28-16.47.30:002][  0]LogD3D11RHI:     Adapter Name: NVIDIA GeForce GTX 1080
[2022.03.28-16.47.30:002][  0]LogD3D11RHI:   Driver Version: 457.51 (internal:27.21.14.5751, unified:457.51)
[2022.03.28-16.47.30:002][  0]LogD3D11RHI:      Driver Date: 11-22-2020
[2022.03.28-16.47.30:002][  0]LogRHI: Texture pool is 5655 MB (70% of 8079 MB)
[2022.03.28-16.47.30:002][  0]LogD3D11RHI: Creating D3DDevice using adapter:
[2022.03.28-16.47.30:002][  0]LogD3D11RHI:     Description : NVIDIA GeForce GTX 1080
[2022.03.28-16.47.30:002][  0]LogD3D11RHI:     VendorId    : 10de
[2022.03.28-16.47.30:002][  0]LogD3D11RHI:     DeviceId    : 1b80
[2022.03.28-16.47.30:002][  0]LogD3D11RHI:     SubSysId    : 33661028
[2022.03.28-16.47.30:002][  0]LogD3D11RHI:     Revision    : 00a1
[2022.03.28-16.47.30:002][  0]LogD3D11RHI:     DedicatedVideoMemory : 8471445504 bytes
[2022.03.28-16.47.30:002][  0]LogD3D11RHI:     DedicatedSystemMemory : 0 bytes
[2022.03.28-16.47.30:002][  0]LogD3D11RHI:     SharedSystemMemory : 34270484480 bytes
[2022.03.28-16.47.30:002][  0]LogD3D11RHI:     AdapterLuid : 0 62820
[2022.03.28-16.47.30:060][  0]LogD3D11RHI: RHI has support for 64 bit atomics
[2022.03.28-16.47.30:060][  0]LogD3D11RHI: Async texture creation enabled
[2022.03.28-16.47.30:060][  0]LogD3D11RHI: Array index from any shader is supported
[2022.03.28-16.47.30:076][  0]LogD3D11RHI: GPU Timing Frequency: 1000.000000 (Debug: 2 1)
[2022.03.28-16.47.30:115][  0]LogRHI: GeForceNow SDK initialized: 1
[2022.03.28-16.47.30:424][  0]LogTargetPlatformManager: Display: Loaded TargetPlatform 'AllDesktop'
[2022.03.28-16.47.30:445][  0]LogTargetPlatformManager: Display: Loaded TargetPlatform 'Android'
[2022.03.28-16.47.30:445][  0]LogTargetPlatformManager: Display: Loaded TargetPlatform 'Android_ASTC'
[2022.03.28-16.47.30:445][  0]LogTargetPlatformManager: Display: Loaded TargetPlatform 'Android_DXT'
[2022.03.28-16.47.30:445][  0]LogTargetPlatformManager: Display: Loaded TargetPlatform 'Android_ETC2'
[2022.03.28-16.47.30:445][  0]LogTargetPlatformManager: Display: Loaded TargetPlatform 'AndroidClient'
[2022.03.28-16.47.30:445][  0]LogTargetPlatformManager: Display: Loaded TargetPlatform 'Android_ASTCClient'
[2022.03.28-16.47.30:445][  0]LogTargetPlatformManager: Display: Loaded TargetPlatform 'Android_DXTClient'
[2022.03.28-16.47.30:445][  0]LogTargetPlatformManager: Display: Loaded TargetPlatform 'Android_ETC2Client'
[2022.03.28-16.47.30:445][  0]LogTargetPlatformManager: Display: Loaded TargetPlatform 'Android_Multi'
[2022.03.28-16.47.30:445][  0]LogTargetPlatformManager: Display: Loaded TargetPlatform 'Android_MultiClient'
[2022.03.28-16.47.30:463][  0]LogTargetPlatformManager: Display: Loaded TargetPlatform 'IOSClient'
[2022.03.28-16.47.30:463][  0]LogTargetPlatformManager: Display: Loaded TargetPlatform 'IOS'
[2022.03.28-16.47.30:473][  0]LogTargetPlatformManager: Display: Loaded TargetPlatform 'Linux'
[2022.03.28-16.47.30:477][  0]LogTargetPlatformManager: Display: Loaded TargetPlatform 'LinuxNoEditor'
[2022.03.28-16.47.30:481][  0]LogTargetPlatformManager: Display: Loaded TargetPlatform 'LinuxClient'
[2022.03.28-16.47.30:485][  0]LogTargetPlatformManager: Display: Loaded TargetPlatform 'LinuxServer'
[2022.03.28-16.47.30:494][  0]LogTargetPlatformManager: Display: Loaded TargetPlatform 'LinuxAArch64NoEditor'
[2022.03.28-16.47.30:499][  0]LogTargetPlatformManager: Display: Loaded TargetPlatform 'LinuxAArch64Client'
[2022.03.28-16.47.30:502][  0]LogTargetPlatformManager: Display: Loaded TargetPlatform 'LinuxAArch64Server'
[2022.03.28-16.47.30:530][  0]LogTargetPlatformManager: Display: Loaded TargetPlatform 'Lumin'
[2022.03.28-16.47.30:530][  0]LogTargetPlatformManager: Display: Loaded TargetPlatform 'LuminClient'
[2022.03.28-16.47.30:538][  0]LogTargetPlatformManager: Display: Loaded TargetPlatform 'MacNoEditor'
[2022.03.28-16.47.30:542][  0]LogTargetPlatformManager: Display: Loaded TargetPlatform 'Mac'
[2022.03.28-16.47.30:546][  0]LogTargetPlatformManager: Display: Loaded TargetPlatform 'MacClient'
[2022.03.28-16.47.30:550][  0]LogTargetPlatformManager: Display: Loaded TargetPlatform 'MacServer'
[2022.03.28-16.47.30:560][  0]LogTargetPlatformManager: Display: Loaded TargetPlatform 'TVOSClient'
[2022.03.28-16.47.30:560][  0]LogTargetPlatformManager: Display: Loaded TargetPlatform 'TVOS'
[2022.03.28-16.47.30:571][  0]LogTargetPlatformManager: Display: Loaded TargetPlatform 'WindowsNoEditor'
[2022.03.28-16.47.30:576][  0]LogTargetPlatformManager: Display: Loaded TargetPlatform 'Windows'
[2022.03.28-16.47.30:580][  0]LogTargetPlatformManager: Display: Loaded TargetPlatform 'WindowsClient'
[2022.03.28-16.47.30:584][  0]LogTargetPlatformManager: Display: Loaded TargetPlatform 'WindowsServer'
[2022.03.28-16.47.30:584][  0]LogTargetPlatformManager: Display: Building Assets For Windows
[2022.03.28-16.47.30:590][  0]LogAudioDebug: Display: Lib vorbis DLL was dynamically loaded.
[2022.03.28-16.47.30:620][  0]LogTextureFormatOodle: Display: Oodle Texture 2.9.0 init RDO Off
[2022.03.28-16.47.30:650][  0]LogRendererCore: Ray tracing is disabled. Reason: r.RayTracing=0.
[2022.03.28-16.47.30:650][  0]LogShaderCompilers: Guid format shader working directory is -13 characters bigger than the processId version (../../../../../../Users/ngarris/Documents/GitHub/RaccoonGame/Intermediate/Shaders/WorkingDirectory/19904/).
[2022.03.28-16.47.30:651][  0]LogShaderCompilers: Cleaned the shader compiler working directory 'C:/Users/ngarris/AppData/Local/Temp/UnrealShaderWorkingDir/78D727024D37AFDAEA4B6886542C10C7/'.
[2022.03.28-16.47.30:652][  0]LogShaderCompilers: Display: Using XGE Controller for Shader Compilation.
[2022.03.28-16.47.31:339][  0]LogDerivedDataCache: Display: Max Cache Size: 512 MB
[2022.03.28-16.47.31:391][  0]LogDerivedDataCache: Loaded boot cache 0.05s 94MB C:/Users/ngarris/AppData/Local/UnrealEngine/4.27/DerivedDataCache/Boot.ddc.
[2022.03.28-16.47.31:391][  0]LogDerivedDataCache: Display: Loaded Boot cache: C:/Users/ngarris/AppData/Local/UnrealEngine/4.27/DerivedDataCache/Boot.ddc
[2022.03.28-16.47.31:391][  0]LogDerivedDataCache: FDerivedDataBackendGraph:  Pak pak cache file ../../../../../../Users/ngarris/Documents/GitHub/RaccoonGame/DerivedDataCache/DDC.ddp not found, will not use a pak cache.
[2022.03.28-16.47.31:391][  0]LogDerivedDataCache: Unable to find inner node Pak for hierarchical cache Hierarchy.
[2022.03.28-16.47.31:391][  0]LogDerivedDataCache: FDerivedDataBackendGraph:  CompressedPak pak cache file ../../../../../../Users/ngarris/Documents/GitHub/RaccoonGame/DerivedDataCache/Compressed.ddp not found, will not use a pak cache.
[2022.03.28-16.47.31:391][  0]LogDerivedDataCache: Unable to find inner node CompressedPak for hierarchical cache Hierarchy.
[2022.03.28-16.47.31:405][  0]LogDerivedDataCache: Display: Pak cache opened for reading ../../../Engine/DerivedDataCache/Compressed.ddp.
[2022.03.28-16.47.31:405][  0]LogDerivedDataCache: FDerivedDataBackendGraph:  EnterprisePak pak cache file ../../../Enterprise/DerivedDataCache/Compressed.ddp not found, will not use a pak cache.
[2022.03.28-16.47.31:405][  0]LogDerivedDataCache: Unable to find inner node EnterprisePak for hierarchical cache Hierarchy.
[2022.03.28-16.47.31:415][  0]LogDerivedDataCache: Speed tests for C:/Users/ngarris/AppData/Local/UnrealEngine/Common/DerivedDataCache took 0.01 seconds
[2022.03.28-16.47.31:415][  0]LogDerivedDataCache: Display: Performance to C:/Users/ngarris/AppData/Local/UnrealEngine/Common/DerivedDataCache: Latency=0.03ms. RandomReadSpeed=259.03MBs, RandomWriteSpeed=162.31MBs. Assigned SpeedClass 'Local'
[2022.03.28-16.47.31:416][  0]LogDerivedDataCache: Using Local data cache path C:/Users/ngarris/AppData/Local/UnrealEngine/Common/DerivedDataCache: Writable
[2022.03.28-16.47.31:416][  0]LogDerivedDataCache: Shared data cache path not found in *engine.ini, will not use an Shared cache.
[2022.03.28-16.47.31:416][  0]LogDerivedDataCache: Unable to find inner node Shared for hierarchical cache Hierarchy.
[2022.03.28-16.47.31:467][  0]LogSlate: Using FreeType 2.10.0
[2022.03.28-16.47.31:467][  0]LogSlate: SlateFontServices - WITH_FREETYPE: 1, WITH_HARFBUZZ: 1
[2022.03.28-16.47.31:490][  0]LogAssetRegistry: FAssetRegistry took 0.0028 seconds to start up
[2022.03.28-16.47.31:701][  0]LogInit: Selected Device Profile: [Windows]
[2022.03.28-16.47.31:701][  0]LogInit: Active device profile: [0000020D2046CB00][0000020D1E138740 49] Windows
[2022.03.28-16.47.31:701][  0]LogInit: Profiles: [0000020D2046CB00][0000020D1E138740 49] Windows, [0000020D2043E100][0000020D1E13C880 49] WindowsNoEditor, [0000020D2046D900][0000020D15A8E9C0 49] WindowsServer, [0000020D2043EE00][0000020D1F546B40 49] WindowsClient, [0000020D2046FC00][0000020D1F54ACC0 49] IOS, [0000020D2043CF00][0000020D1F27EE40 49] iPadAir, [0000020D2046FE00][0000020D1F282FC0 49] iPadAir2, [0000020D203BCE00][0000020D1F28B280 49] IPadPro, [0000020D203BCF00][0000020D1F2872C0 49] iPadAir3, [0000020D2043FB00][0000020D1F28F440 49] iPadAir4, [0000020D203BF800][0000020D20AE55C0 49] iPadMini2, [0000020D2043EF00][0000020D20AE9740 49] iPadMini3, [0000020D203BFA00][0000020D20AED8C0 49] iPadMini4, [0000020D2043F700][0000020D1E101A40 49] iPadMini5, [0000020D203F0600][0000020D1E108180 49] iPhone6, [0000020D203F0700][0000020D1E1041C0 49] iPodTouch6, [0000020D2046E900][0000020D159F0480 49] iPhone7, [0000020D2046E600][0000020D159EC4C0 49] iPodTouch7, [0000020D203F0100][0000020D1F364640 49] iPhone5S, [0000020D203BC700][0000020D15A92780 49] iPhone6Plus, [0000020D203F2500][0000020D1F39A8C0 49] iPhone6S, [0000020D203BD200][0000020D1F39EA00 49] iPhone6SPlus, [0000020D203F3B00][0000020D1F3A2B40 49] iPhone7Plus, [0000020D203BF700][0000020D1F52ACC0 49] iPhoneSE, [0000020D2046EC00][0000020D1F52EE40 49] iPhone8, [0000020D203BC600][0000020D1F532FC0 49] iPhone8Plus, [0000020D2046E100][0000020D1F397140 49] iPhoneX, [0000020D203BEA00][0000020D159F52C0 49] iPhoneXS, [0000020D2046F200][0000020D1F543440 49] iPhoneXSMax, [0000020D203BEF00][0000020D2093D5C0 49] iPhoneXR, [0000020D2046FB00][0000020D20941740 49] iPhone11, [0000020D203BDD00][0000020D1E0598C0 49] iPhone11Pro, [0000020D2046C600][0000020D1CCADA40 49] iPhone11ProMax, [0000020D203BE100][0000020D1CCB1BC0 49] iPhoneSE2, [0000020D2046FA00][0000020D1DF5A1C0 49] iPhone12Mini, [0000020D203BE200][0000020D1DF5E340 49] iPhone12, [0000020D2046C700][0000020D1DF624C0 49] iPhone12Pro, [0000020D203BE400][0000020D1DF66640 49] iPhone12ProMax, [0000020D2046D200][0000020D1DF6A7C0 49] iPadPro105, [0000020D203BD900][0000020D1DF6E940 49] iPadPro129, [0000020D2046C400][0000020D1F526A80 49] iPadPro97, [0000020D203BFC00][0000020D1DF72BC0 49] iPadPro2_129, [0000020D2046F900][0000020D1DF76D00 49] iPad5, [0000020D203BC300][0000020D1DF7EE80 49] iPad6, [0000020D2046DB00][0000020D20945000 49] iPad7, [0000020D203BE500][0000020D20949180 49] iPad8, [0000020D2046D700][0000020D2094D300 49] iPadPro11, [0000020D203BF900][0000020D20951480 49] iPadPro2_11, [0000020D2046D400][0000020D20955600 49] iPadPro3_129, [0000020D203BE300][0000020D20959780 49] iPadPro4_129, [0000020D2046F700][0000020D2095D900 49] AppleTV, [0000020D203BFB00][0000020D20961A80 49] AppleTV4K, [0000020D2046DD00][0000020D20965C00 49] TVOS, [0000020D203BC800][0000020D20968200 49] Mac, [0000020D2046E400][0000020D2096C380 49] MacClient, [0000020D203BED00][0000020D1F3BC500 49] MacNoEditor, [0000020D2046F500][0000020D1F3C0680 49] MacServer, [0000020D203BCA00][0000020D1F3C4800 49] Linux, [0000020D2046EB00][0000020D1F3C8980 49] LinuxAArch64, [0000020D203BE900][0000020D1F3CCB00 49] LinuxNoEditor, [0000020D2046E500][0000020D1DF7AC40 49] LinuxAArch64NoEditor, [0000020D203BCD00][0000020D1F3D0D80 49] LinuxClient, [0000020D2046CD00][0000020D1F3D4EC0 49] LinuxAArch64Client, [0000020D203BDF00][0000020D1F3DD040 49] LinuxServer, [0000020D2046F100][0000020D1F3E11C0 49] LinuxAArch64Server, [0000020D203BD100][0000020D1F3E5340 49] Android, [0000020D2046EE00][0000020D1F3E94C0 49] Android_Low, [0000020D203BF400][0000020D1F3ED640 49] Android_Mid, [0000020D2046E200][0000020D1F3F17C0 49] Android_High, [0000020D203BD000][0000020D1F329940 49] Android_Default, [0000020D2046D300][0000020D1F32DAC0 49] Android_Adreno4xx, [0000020D2043E300][0000020D1F3300C0 49] Android_Adreno5xx_Low, [0000020D203F1C00][0000020D1F334240 49] Android_Adreno5xx, [0000020D2043F600][0000020D1F3383C0 49] Android_Adreno6xx, [0000020D203F2000][0000020D1F33C540 49] Android_Adreno6xx_Vulkan, [0000020D2043C400][0000020D1F3406C0 49] Android_Mali_T6xx, [0000020D203F0F00][0000020D1F344840 49] Android_Mali_T7xx, [0000020D2043DE00][0000020D1F3489C0 49] Android_Mali_T8xx, [0000020D203F1F00][0000020D1F34CB40 49] Android_Mali_G71, [0000020D2043E800][0000020D1F350CC0 49] Android_Mali_G72, [0000020D203F2F00][0000020D1F3D8E00 49] Android_Mali_G72_Vulkan, [0000020D2043FE00][0000020D1F354F40 49] Android_Mali_G76, [0000020D203F2200][0000020D1F359080 49] Android_Mali_G76_Vulkan, [0000020D2043DD00][0000020D1F35D1C0 49] Android_Mali_G77, [0000020D203F2C00][0000020D20A75340 49] Android_Mali_G77_Vulkan, [0000020D2043F400][0000020D20A794C0 49] Android_Mali_G78, [0000020D203F1300][0000020D20A7D640 49] Android_Mali_G78_Vulkan, [0000020D2043D300][0000020D20A817C0 49] Android_Mali_G710, [0000020D203F0500][0000020D20A85940 49] Android_Mali_G710_Vulkan, [0000020D2043C700][0000020D20A89AC0 49] Android_Vulkan_SM5, [0000020D203F3F00][0000020D20A8C0C0 49] Android_PowerVR_G6xxx, [0000020D2043DF00][0000020D20A90240 49] Android_PowerVR_GT7xxx, [0000020D203F3000][0000020D20A943C0 49] Android_PowerVR_GE8xxx, [0000020D2043F800][0000020D20A98540 49] Android_PowerVR_GM9xxx, [0000020D203F2800][0000020D20A9C6C0 49] Android_PowerVR_GM9xxx_Vulkan, [0000020D2043D600][0000020D20AA0840 49] Android_TegraK1, [0000020D203F1700][0000020D20AA49C0 49] Android_Unknown_Vulkan, [0000020D2043F300][0000020D20AA8B40 49] Lumin, [0000020D203F3C00][0000020D20AACCC0 49] Lumin_Desktop, [0000020D2043CE00][0000020D20AB0E40 49] HoloLens, 
[2022.03.28-16.47.31:815][  0]LogMeshReduction: Using QuadricMeshReduction for automatic static mesh reduction
[2022.03.28-16.47.31:815][  0]LogMeshReduction: Using SimplygonMeshReduction for automatic skeletal mesh reduction
[2022.03.28-16.47.31:815][  0]LogMeshReduction: Using ProxyLODMeshReduction for automatic mesh merging
[2022.03.28-16.47.31:815][  0]LogMeshReduction: No distributed automatic mesh merging module available
[2022.03.28-16.47.31:815][  0]LogMeshMerging: No distributed automatic mesh merging module available
[2022.03.28-16.47.31:829][  0]LogNetVersion: RaccoonGame 1.0.0, NetCL: 17155196, EngineNetVer: 17, GameNetVer: 0 (Checksum: 80088456)
[2022.03.28-16.47.32:187][  0]LogTexture: Default maximum texture size for cubemaps generated from long-lat sources has been changed from 512 to unlimited. In order to preserve old behaiour for '/Engine/MapTemplates/Sky/DaylightAmbientCubemap.DaylightAmbientCubemap', its maximum texture size has been explicitly set to 512.
[2022.03.28-16.47.32:238][  0]LogHMD: PokeAHoleMaterial loaded successfully
[2022.03.28-16.47.32:243][  0]LogUObjectArray: 17178 objects as part of root set at end of initial load.
[2022.03.28-16.47.32:243][  0]LogUObjectAllocator: 4302048 out of 0 bytes used by permanent object pool.
[2022.03.28-16.47.32:243][  0]LogUObjectArray: CloseDisregardForGC: 0/0 objects in disregard for GC pool
[2022.03.28-16.47.32:471][  0]LogNiagaraDebuggerClient: Niagara Debugger Client Initialized | Session: 1061CD70436D014C69F9538B980B1392 | Instance: 57C9AC2146F8009DE8EB7B85D897C99A (FL222-21-19904).
[2022.03.28-16.47.32:585][  0]LogPython: Using Python 3.7.7
[2022.03.28-16.47.33:081][  0]LogTcpMessaging: Initializing TcpMessaging bridge
[2022.03.28-16.47.33:085][  0]LogUdpMessaging: Initializing bridge on interface 0.0.0.0:0 to multicast group 230.0.0.1:6666.
[2022.03.28-16.47.33:286][  0]SourceControl: Source control is disabled
[2022.03.28-16.47.33:737][  0]LogUProjectInfo: Found projects:
[2022.03.28-16.47.33:852][  0]LogOpenImageDenoise: OIDN starting up
[2022.03.28-16.47.33:880][  0]LogAndroidPermission: UAndroidPermissionCallbackProxy::GetInstance
[2022.03.28-16.47.33:895][  0]LogAudioCaptureCore: Display: No Audio Capture implementations found. Audio input will be silent.
[2022.03.28-16.47.33:895][  0]LogAudioCaptureCore: Display: No Audio Capture implementations found. Audio input will be silent.
[2022.03.28-16.47.34:003][  0]LogCollectionManager: Loaded 0 collections in 0.001587 seconds
[2022.03.28-16.47.34:029][  0]LogFileCache: Scanning file cache for directory 'C:/Users/ngarris/Documents/GitHub/RaccoonGame/Saved/Collections/' took 0.00s
[2022.03.28-16.47.34:029][  0]LogFileCache: Scanning file cache for directory 'C:/Users/ngarris/Documents/GitHub/RaccoonGame/Content/Developers/NGarris/Collections/' took 0.00s
[2022.03.28-16.47.34:029][  0]LogFileCache: Scanning file cache for directory 'C:/Users/ngarris/Documents/GitHub/RaccoonGame/Content/Collections/' took 0.00s
[2022.03.28-16.47.34:029][  0]LogOcInput: OculusInput pre-init called
[2022.03.28-16.47.34:244][  0]LogEngine: Initializing Engine...
[2022.03.28-16.47.34:246][  0]LogHMD: Failed to enumerate extensions. Please check that you have a valid OpenXR runtime installed.
[2022.03.28-16.47.34:247][  0]LogHMD: Failed to initialize OpenVR with code 110
[2022.03.28-16.47.34:247][  0]LogMagicLeap: Warning: VR disabled because ZI is not enabled.  To enable, in the editor, Edit -> Project Settings -> Plugins -> Magic Leap Plugin -> Enable Zero Iteration
[2022.03.28-16.47.34:247][  0]LogStats: UGameplayTagsManager::InitializeManager -  0.000 s
[2022.03.28-16.47.34:348][  0]LogInit: Initializing FReadOnlyCVARCache
[2022.03.28-16.47.34:355][  0]LogAIModule: Creating AISystem for world Untitled
[2022.03.28-16.47.34:368][  0]LogAudio: Display: Initializing Audio Device Manager...
[2022.03.28-16.47.34:370][  0]LogAudio: Display: Loading Default Audio Settings Objects...
[2022.03.28-16.47.34:371][  0]LogAudio: Display: No default SoundConcurrencyObject specified (or failed to load).
[2022.03.28-16.47.34:371][  0]LogAudio: Display: Audio Device Manager Initialized
[2022.03.28-16.47.34:371][  0]LogAudio: Display: Creating Audio Device:                 Id: 1, Scope: Shared, Realtime: True
[2022.03.28-16.47.34:371][  0]LogAudioMixer: Display: Audio Mixer Platform Settings:
[2022.03.28-16.47.34:371][  0]LogAudioMixer: Display: 	Sample Rate:						  48000
[2022.03.28-16.47.34:371][  0]LogAudioMixer: Display: 	Callback Buffer Frame Size Requested: 1024
[2022.03.28-16.47.34:371][  0]LogAudioMixer: Display: 	Callback Buffer Frame Size To Use:	  1024
[2022.03.28-16.47.34:371][  0]LogAudioMixer: Display: 	Number of buffers to queue:			  2
[2022.03.28-16.47.34:372][  0]LogAudioMixer: Display: 	Max Channels (voices):				  32
[2022.03.28-16.47.34:372][  0]LogAudioMixer: Display: 	Number of Async Source Workers:		  0
[2022.03.28-16.47.34:372][  0]LogAudio: Display: AudioDevice MaxSources: 32
[2022.03.28-16.47.34:372][  0]LogAudio: Display: Audio Spatialization Plugin: None (built-in).
[2022.03.28-16.47.34:372][  0]LogAudio: Display: Audio Reverb Plugin: None (built-in).
[2022.03.28-16.47.34:372][  0]LogAudio: Display: Audio Occlusion Plugin: None (built-in).
[2022.03.28-16.47.34:372][  0]LogAudioMixer: Display: Initializing audio mixer.
[2022.03.28-16.47.34:386][  0]LogAudioMixer: Display: 0: FrontLeft
[2022.03.28-16.47.34:386][  0]LogAudioMixer: Display: 1: FrontRight
[2022.03.28-16.47.34:624][  0]LogAudioMixer: Display: Using Audio Device Speakers/Headphones (Realtek(R) Audio)
[2022.03.28-16.47.34:625][  0]LogAudioMixer: Display: Initializing Sound Submixes...
[2022.03.28-16.47.34:627][  0]LogAudioMixer: Display: Creating Master Submix 'MasterSubmixDefault'
[2022.03.28-16.47.34:627][  0]LogAudioMixer: Display: Creating Master Submix 'MasterReverbSubmixDefault'
[2022.03.28-16.47.34:628][  0]LogAudioMixer: Display: Creating Master Submix 'MasterEQSubmixDefault'
[2022.03.28-16.47.34:628][  0]LogAudioMixer: FMixerPlatformXAudio2::StartAudioStream() called
[2022.03.28-16.47.34:628][  0]LogAudioMixer: Display: Output buffers initialized: Frames=1024, Channels=2, Samples=2048
[2022.03.28-16.47.34:629][  0]LogAudioMixer: Display: Starting AudioMixerPlatformInterface::RunInternal()
[2022.03.28-16.47.34:629][  0]LogAudioMixer: Display: FMixerPlatformXAudio2::SubmitBuffer() called for the first time
[2022.03.28-16.47.34:629][  0]LogInit: FAudioDevice initialized.
[2022.03.28-16.47.34:630][  0]LogAudio: Display: Audio Device (ID: 1) registered with world 'Untitled'.
[2022.03.28-16.47.34:630][  0]LogNetVersion: Set ProjectVersion to 1.0.0.0. Version Checksum will be recalculated on next use.
[2022.03.28-16.47.35:062][  0]LogDerivedDataCache: Saved boot cache 0.43s 94MB C:/Users/ngarris/AppData/Local/UnrealEngine/4.27/DerivedDataCache/Boot.ddc.
[2022.03.28-16.47.35:063][  0]LogInit: Texture streaming: Enabled
[2022.03.28-16.47.35:073][  0]LogAnalytics: Display: [UEEditor.Rocket.Release] APIServer = https://datarouter.ol.epicgames.com/. AppVersion = 4.27.2-18319896+++UE4+Release-4.27
[2022.03.28-16.47.35:077][  0]LogEngineSessionManager: EngineSessionManager initialized
[2022.03.28-16.47.35:077][  0]LogEditorSessionSummary: Verbose: Initializing EditorSessionSummaryWriter for editor session tracking
[2022.03.28-16.47.35:082][  0]LogEditorSessionSummary: EditorSessionSummaryWriter initialized
[2022.03.28-16.47.35:105][  0]LogInit: Transaction tracking system initialized
[2022.03.28-16.47.35:124][  0]BlueprintLog: New page: Editor Load
[2022.03.28-16.47.35:180][  0]LocalizationService: Localization service is disabled
[2022.03.28-16.47.35:200][  0]TimingProfiler: Initialize
[2022.03.28-16.47.35:201][  0]TimingProfiler: OnSessionChanged
[2022.03.28-16.47.35:201][  0]LoadingProfiler: Initialize
[2022.03.28-16.47.35:201][  0]LoadingProfiler: OnSessionChanged
[2022.03.28-16.47.35:201][  0]NetworkingProfiler: Initialize
[2022.03.28-16.47.35:201][  0]NetworkingProfiler: OnSessionChanged
[2022.03.28-16.47.35:201][  0]MemoryProfiler: Initialize
[2022.03.28-16.47.35:201][  0]MemoryProfiler: OnSessionChanged
[2022.03.28-16.47.35:334][  0]LogCook: Display: CookSettings for Memory: MemoryMaxUsedVirtual 0MiB, MemoryMaxUsedPhysical 16384MiB, MemoryMinFreeVirtual 0MiB, MemoryMinFreePhysical 1024MiB
[2022.03.28-16.47.35:335][  0]LogCook: Display: Mobile HDR setting 1
[2022.03.28-16.47.35:562][  0]LogFileCache: Scanning file cache for directory 'C:/Users/ngarris/Documents/GitHub/RaccoonGame/Content/' took 0.00s
[2022.03.28-16.47.35:737][  0]LogInit: Display: Engine is initialized. Leaving FEngineLoop::Init()
[2022.03.28-16.47.35:740][  0]LogUnrealEdMisc: Loading editor; pre map load, took 7.303
[2022.03.28-16.47.35:740][  0]Cmd: MAP LOAD FILE="../../../../../../Users/ngarris/Documents/GitHub/RaccoonGame/Content/StarterContent/Maps/Minimal_Default.umap" TEMPLATE=0 SHOWPROGRESS=1 FEATURELEVEL=3
[2022.03.28-16.47.35:740][  0]LightingResults: New page: Lighting Build
[2022.03.28-16.47.35:742][  0]LogWorld: UWorld::CleanupWorld for Untitled, bSessionEnded=true, bCleanupResources=true
[2022.03.28-16.47.35:742][  0]LogSlate: InvalidateAllWidgets triggered.  All widgets were invalidated
[2022.03.28-16.47.35:742][  0]MapCheck: New page: Map Check
[2022.03.28-16.47.35:742][  0]LightingResults: New page: Lighting Build
[2022.03.28-16.47.35:746][  0]LogAudio: Display: Audio Device unregistered from world 'None'.
[2022.03.28-16.47.35:749][  0]LogUObjectHash: Compacting FUObjectHashTables data took   0.75ms
[2022.03.28-16.47.35:751][  0]LogLinker: Warning: [AssetLog] C:\Users\ngarris\Documents\GitHub\RaccoonGame\Content\StarterContent\Maps\Minimal_Default.umap: Failed to load '/Game/StarterContent/Maps/Minimal_Default_BuiltData': Can't find file.
[2022.03.28-16.47.35:752][  0]LogLinker: Warning: [AssetLog] C:\Users\ngarris\Documents\GitHub\RaccoonGame\Content\StarterContent\Maps\Minimal_Default.umap: Failed to load '/Game/StarterContent/Maps/Minimal_Default_BuiltData': Can't find file.
[2022.03.28-16.47.35:758][  0]LogLinker: Warning: [AssetLog] C:\Users\ngarris\Documents\GitHub\RaccoonGame\Content\StarterContent\Maps\Minimal_Default.umap: Failed to load '/Game/StarterContent/Maps/Minimal_Default_BuiltData': Can't find file.
[2022.03.28-16.47.35:761][  0]LogLinker: Warning: Failed to load '/Game/StarterContent/Maps/Minimal_Default_BuiltData': Can't find file.
[2022.03.28-16.47.35:761][  0]LogLinker: Warning: Failed to load '/Game/StarterContent/Maps/Minimal_Default_BuiltData': Can't find file.
[2022.03.28-16.47.35:766][  0]LogLinker: Warning: [AssetLog] C:\Users\ngarris\Documents\GitHub\RaccoonGame\Content\StarterContent\Maps\Minimal_Default.umap: Failed to load '/Game/StarterContent/Maps/Minimal_Default_BuiltData': Can't find file.
[2022.03.28-16.47.35:766][  0]LoadErrors: Failed to load /Game/StarterContent/Maps/Minimal_Default_BuiltData.Minimal_Default_BuiltData Referenced by PersistentLevel
[2022.03.28-16.47.35:819][  0]LogAudio: Display: Audio Device (ID: 1) registered with world 'Minimal_Default'.
[2022.03.28-16.47.35:820][  0]LogAIModule: Creating AISystem for world Minimal_Default
[2022.03.28-16.47.35:824][  0]LogEditorServer: Finished looking for orphan Actors (0.000 secs)
[2022.03.28-16.47.35:830][  0]LogUObjectHash: Compacting FUObjectHashTables data took   0.62ms
[2022.03.28-16.47.35:830][  0]Cmd: MAP CHECKDEP NOCLEARLOG
[2022.03.28-16.47.35:830][  0]MapCheck: Map check complete: 0 Error(s), 0 Warning(s), took 0.138ms to complete.
[2022.03.28-16.47.35:830][  0]LogFileHelpers: Loading map 'Minimal_Default' took 0.090
[2022.03.28-16.47.35:832][  0]LogUnrealEdMisc: Total Editor Startup Time, took 7.396
[2022.03.28-16.47.35:964][  0]LogSlate: Updating window title bar state: overlay mode, drag disabled, window buttons hidden, title bar hidden
[2022.03.28-16.47.35:970][  0]LogSlate: Updating window title bar state: overlay mode, drag disabled, window buttons hidden, title bar hidden
[2022.03.28-16.47.35:976][  0]LogSlate: Updating window title bar state: overlay mode, drag disabled, window buttons hidden, title bar hidden
[2022.03.28-16.47.35:983][  0]LogSlate: Updating window title bar state: overlay mode, drag disabled, window buttons hidden, title bar hidden
[2022.03.28-16.47.35:996][  0]LogNativeClassHierarchy: Verbose: Native class hierarchy populated in 0.0086 seconds. Added 3824 classes and 933 folders.
[2022.03.28-16.47.35:999][  0]LogNativeClassHierarchy: Verbose: Native class hierarchy updated for 'WidgetCarousel' in 0.0004 seconds. Added 0 classes and 0 folders.
[2022.03.28-16.47.36:001][  0]LogPakFile: PakFile PrimaryIndexSize=187
[2022.03.28-16.47.36:001][  0]LogPakFile: PakFile PathHashIndexSize=101
[2022.03.28-16.47.36:001][  0]LogPakFile: PakFile FullDirectoryIndexSize=148
[2022.03.28-16.47.36:001][  0]LogShaderLibrary: Display: ShaderCodeLibraryPakFileMountedCallback: PakFile 'C:/Program Files/Epic Games/UE_4.27/FeaturePacks/FP_FirstPerson.upack' (chunk index -1, root 'root:/') mounted
[2022.03.28-16.47.36:001][  0]LogShaderLibrary: Display: ShaderCodeLibraryPakFileMountedCallback: pending pak file info (ChunkID:-1 Root:root:/ File:C:/Program Files/Epic Games/UE_4.27/FeaturePacks/FP_FirstPerson.upack)
[2022.03.28-16.47.36:001][  0]LogPakFile: OnPakFileMounted2Time == 0.000063
[2022.03.28-16.47.36:001][  0]LogPakFile: PakFile PrimaryIndexSize=189
[2022.03.28-16.47.36:001][  0]LogPakFile: PakFile PathHashIndexSize=101
[2022.03.28-16.47.36:002][  0]LogPakFile: PakFile FullDirectoryIndexSize=152
[2022.03.28-16.47.36:002][  0]LogShaderLibrary: Display: ShaderCodeLibraryPakFileMountedCallback: PakFile 'C:/Program Files/Epic Games/UE_4.27/FeaturePacks/FP_FirstPersonBP.upack' (chunk index -1, root 'root:/') mounted
[2022.03.28-16.47.36:002][  0]LogShaderLibrary: Display: ShaderCodeLibraryPakFileMountedCallback: pending pak file info (ChunkID:-1 Root:root:/ File:C:/Program Files/Epic Games/UE_4.27/FeaturePacks/FP_FirstPersonBP.upack)
[2022.03.28-16.47.36:002][  0]LogPakFile: OnPakFileMounted2Time == 0.000039
[2022.03.28-16.47.36:002][  0]LogPakFile: PakFile PrimaryIndexSize=191
[2022.03.28-16.47.36:002][  0]LogPakFile: PakFile PathHashIndexSize=101
[2022.03.28-16.47.36:002][  0]LogPakFile: PakFile FullDirectoryIndexSize=160
[2022.03.28-16.47.36:002][  0]LogShaderLibrary: Display: ShaderCodeLibraryPakFileMountedCallback: PakFile 'C:/Program Files/Epic Games/UE_4.27/FeaturePacks/MobileStarterContent.upack' (chunk index -1, root 'root:/') mounted
[2022.03.28-16.47.36:002][  0]LogShaderLibrary: Display: ShaderCodeLibraryPakFileMountedCallback: pending pak file info (ChunkID:-1 Root:root:/ File:C:/Program Files/Epic Games/UE_4.27/FeaturePacks/MobileStarterContent.upack)
[2022.03.28-16.47.36:002][  0]LogPakFile: OnPakFileMounted2Time == 0.000042
[2022.03.28-16.47.36:003][  0]LogPakFile: PakFile PrimaryIndexSize=185
[2022.03.28-16.47.36:003][  0]LogPakFile: PakFile PathHashIndexSize=101
[2022.03.28-16.47.36:003][  0]LogPakFile: PakFile FullDirectoryIndexSize=148
[2022.03.28-16.47.36:003][  0]LogShaderLibrary: Display: ShaderCodeLibraryPakFileMountedCallback: PakFile 'C:/Program Files/Epic Games/UE_4.27/FeaturePacks/StarterContent.upack' (chunk index -1, root 'root:/') mounted
[2022.03.28-16.47.36:003][  0]LogShaderLibrary: Display: ShaderCodeLibraryPakFileMountedCallback: pending pak file info (ChunkID:-1 Root:root:/ File:C:/Program Files/Epic Games/UE_4.27/FeaturePacks/StarterContent.upack)
[2022.03.28-16.47.36:003][  0]LogPakFile: OnPakFileMounted2Time == 0.000034
[2022.03.28-16.47.36:003][  0]LogPakFile: PakFile PrimaryIndexSize=190
[2022.03.28-16.47.36:004][  0]LogPakFile: PakFile PathHashIndexSize=101
[2022.03.28-16.47.36:004][  0]LogPakFile: PakFile FullDirectoryIndexSize=154
[2022.03.28-16.47.36:004][  0]LogShaderLibrary: Display: ShaderCodeLibraryPakFileMountedCallback: PakFile 'C:/Program Files/Epic Games/UE_4.27/FeaturePacks/TP_2DSideScroller.upack' (chunk index -1, root 'root:/') mounted
[2022.03.28-16.47.36:004][  0]LogShaderLibrary: Display: ShaderCodeLibraryPakFileMountedCallback: pending pak file info (ChunkID:-1 Root:root:/ File:C:/Program Files/Epic Games/UE_4.27/FeaturePacks/TP_2DSideScroller.upack)
[2022.03.28-16.47.36:004][  0]LogPakFile: OnPakFileMounted2Time == 0.000035
[2022.03.28-16.47.36:004][  0]LogPakFile: PakFile PrimaryIndexSize=192
[2022.03.28-16.47.36:004][  0]LogPakFile: PakFile PathHashIndexSize=101
[2022.03.28-16.47.36:004][  0]LogPakFile: PakFile FullDirectoryIndexSize=158
[2022.03.28-16.47.36:004][  0]LogShaderLibrary: Display: ShaderCodeLibraryPakFileMountedCallback: PakFile 'C:/Program Files/Epic Games/UE_4.27/FeaturePacks/TP_2DSideScrollerBP.upack' (chunk index -1, root 'root:/') mounted
[2022.03.28-16.47.36:004][  0]LogShaderLibrary: Display: ShaderCodeLibraryPakFileMountedCallback: pending pak file info (ChunkID:-1 Root:root:/ File:C:/Program Files/Epic Games/UE_4.27/FeaturePacks/TP_2DSideScrollerBP.upack)
[2022.03.28-16.47.36:004][  0]LogPakFile: OnPakFileMounted2Time == 0.000034
[2022.03.28-16.47.36:005][  0]LogPakFile: PakFile PrimaryIndexSize=182
[2022.03.28-16.47.36:005][  0]LogPakFile: PakFile PathHashIndexSize=101
[2022.03.28-16.47.36:005][  0]LogPakFile: PakFile FullDirectoryIndexSize=138
[2022.03.28-16.47.36:005][  0]LogShaderLibrary: Display: ShaderCodeLibraryPakFileMountedCallback: PakFile 'C:/Program Files/Epic Games/UE_4.27/FeaturePacks/TP_Flying.upack' (chunk index -1, root 'root:/') mounted
[2022.03.28-16.47.36:005][  0]LogShaderLibrary: Display: ShaderCodeLibraryPakFileMountedCallback: pending pak file info (ChunkID:-1 Root:root:/ File:C:/Program Files/Epic Games/UE_4.27/FeaturePacks/TP_Flying.upack)
[2022.03.28-16.47.36:005][  0]LogPakFile: OnPakFileMounted2Time == 0.000032
[2022.03.28-16.47.36:005][  0]LogPakFile: PakFile PrimaryIndexSize=184
[2022.03.28-16.47.36:005][  0]LogPakFile: PakFile PathHashIndexSize=101
[2022.03.28-16.47.36:005][  0]LogPakFile: PakFile FullDirectoryIndexSize=142
[2022.03.28-16.47.36:005][  0]LogShaderLibrary: Display: ShaderCodeLibraryPakFileMountedCallback: PakFile 'C:/Program Files/Epic Games/UE_4.27/FeaturePacks/TP_FlyingBP.upack' (chunk index -1, root 'root:/') mounted
[2022.03.28-16.47.36:005][  0]LogShaderLibrary: Display: ShaderCodeLibraryPakFileMountedCallback: pending pak file info (ChunkID:-1 Root:root:/ File:C:/Program Files/Epic Games/UE_4.27/FeaturePacks/TP_FlyingBP.upack)
[2022.03.28-16.47.36:005][  0]LogPakFile: OnPakFileMounted2Time == 0.000032
[2022.03.28-16.47.36:006][  0]LogPakFile: PakFile PrimaryIndexSize=188
[2022.03.28-16.47.36:006][  0]LogPakFile: PakFile PathHashIndexSize=101
[2022.03.28-16.47.36:006][  0]LogPakFile: PakFile FullDirectoryIndexSize=150
[2022.03.28-16.47.36:006][  0]LogShaderLibrary: Display: ShaderCodeLibraryPakFileMountedCallback: PakFile 'C:/Program Files/Epic Games/UE_4.27/FeaturePacks/TP_HandheldARBP.upack' (chunk index -1, root 'root:/') mounted
[2022.03.28-16.47.36:006][  0]LogShaderLibrary: Display: ShaderCodeLibraryPakFileMountedCallback: pending pak file info (ChunkID:-1 Root:root:/ File:C:/Program Files/Epic Games/UE_4.27/FeaturePacks/TP_HandheldARBP.upack)
[2022.03.28-16.47.36:006][  0]LogPakFile: OnPakFileMounted2Time == 0.000032
[2022.03.28-16.47.36:006][  0]LogPakFile: PakFile PrimaryIndexSize=182
[2022.03.28-16.47.36:006][  0]LogPakFile: PakFile PathHashIndexSize=101
[2022.03.28-16.47.36:006][  0]LogPakFile: PakFile FullDirectoryIndexSize=138
[2022.03.28-16.47.36:006][  0]LogShaderLibrary: Display: ShaderCodeLibraryPakFileMountedCallback: PakFile 'C:/Program Files/Epic Games/UE_4.27/FeaturePacks/TP_Puzzle.upack' (chunk index -1, root 'root:/') mounted
[2022.03.28-16.47.36:006][  0]LogShaderLibrary: Display: ShaderCodeLibraryPakFileMountedCallback: pending pak file info (ChunkID:-1 Root:root:/ File:C:/Program Files/Epic Games/UE_4.27/FeaturePacks/TP_Puzzle.upack)
[2022.03.28-16.47.36:006][  0]LogPakFile: OnPakFileMounted2Time == 0.000033
[2022.03.28-16.47.36:007][  0]LogPakFile: PakFile PrimaryIndexSize=184
[2022.03.28-16.47.36:007][  0]LogPakFile: PakFile PathHashIndexSize=101
[2022.03.28-16.47.36:007][  0]LogPakFile: PakFile FullDirectoryIndexSize=142
[2022.03.28-16.47.36:007][  0]LogShaderLibrary: Display: ShaderCodeLibraryPakFileMountedCallback: PakFile 'C:/Program Files/Epic Games/UE_4.27/FeaturePacks/TP_PuzzleBP.upack' (chunk index -1, root 'root:/') mounted
[2022.03.28-16.47.36:007][  0]LogShaderLibrary: Display: ShaderCodeLibraryPakFileMountedCallback: pending pak file info (ChunkID:-1 Root:root:/ File:C:/Program Files/Epic Games/UE_4.27/FeaturePacks/TP_PuzzleBP.upack)
[2022.03.28-16.47.36:007][  0]LogPakFile: OnPakFileMounted2Time == 0.000037
[2022.03.28-16.47.36:008][  0]LogPakFile: PakFile PrimaryIndexSize=183
[2022.03.28-16.47.36:008][  0]LogPakFile: PakFile PathHashIndexSize=101
[2022.03.28-16.47.36:008][  0]LogPakFile: PakFile FullDirectoryIndexSize=140
[2022.03.28-16.47.36:008][  0]LogShaderLibrary: Display: ShaderCodeLibraryPakFileMountedCallback: PakFile 'C:/Program Files/Epic Games/UE_4.27/FeaturePacks/TP_Rolling.upack' (chunk index -1, root 'root:/') mounted
[2022.03.28-16.47.36:008][  0]LogShaderLibrary: Display: ShaderCodeLibraryPakFileMountedCallback: pending pak file info (ChunkID:-1 Root:root:/ File:C:/Program Files/Epic Games/UE_4.27/FeaturePacks/TP_Rolling.upack)
[2022.03.28-16.47.36:008][  0]LogPakFile: OnPakFileMounted2Time == 0.000033
[2022.03.28-16.47.36:008][  0]LogPakFile: PakFile PrimaryIndexSize=185
[2022.03.28-16.47.36:008][  0]LogPakFile: PakFile PathHashIndexSize=101
[2022.03.28-16.47.36:008][  0]LogPakFile: PakFile FullDirectoryIndexSize=144
[2022.03.28-16.47.36:008][  0]LogShaderLibrary: Display: ShaderCodeLibraryPakFileMountedCallback: PakFile 'C:/Program Files/Epic Games/UE_4.27/FeaturePacks/TP_RollingBP.upack' (chunk index -1, root 'root:/') mounted
[2022.03.28-16.47.36:008][  0]LogShaderLibrary: Display: ShaderCodeLibraryPakFileMountedCallback: pending pak file info (ChunkID:-1 Root:root:/ File:C:/Program Files/Epic Games/UE_4.27/FeaturePacks/TP_RollingBP.upack)
[2022.03.28-16.47.36:008][  0]LogPakFile: OnPakFileMounted2Time == 0.000039
[2022.03.28-16.47.36:009][  0]LogPakFile: PakFile PrimaryIndexSize=188
[2022.03.28-16.47.36:009][  0]LogPakFile: PakFile PathHashIndexSize=101
[2022.03.28-16.47.36:009][  0]LogPakFile: PakFile FullDirectoryIndexSize=150
[2022.03.28-16.47.36:009][  0]LogShaderLibrary: Display: ShaderCodeLibraryPakFileMountedCallback: PakFile 'C:/Program Files/Epic Games/UE_4.27/FeaturePacks/TP_SideScroller.upack' (chunk index -1, root 'root:/') mounted
[2022.03.28-16.47.36:009][  0]LogShaderLibrary: Display: ShaderCodeLibraryPakFileMountedCallback: pending pak file info (ChunkID:-1 Root:root:/ File:C:/Program Files/Epic Games/UE_4.27/FeaturePacks/TP_SideScroller.upack)
[2022.03.28-16.47.36:009][  0]LogPakFile: OnPakFileMounted2Time == 0.000034
[2022.03.28-16.47.36:009][  0]LogPakFile: PakFile PrimaryIndexSize=190
[2022.03.28-16.47.36:009][  0]LogPakFile: PakFile PathHashIndexSize=101
[2022.03.28-16.47.36:009][  0]LogPakFile: PakFile FullDirectoryIndexSize=154
[2022.03.28-16.47.36:009][  0]LogShaderLibrary: Display: ShaderCodeLibraryPakFileMountedCallback: PakFile 'C:/Program Files/Epic Games/UE_4.27/FeaturePacks/TP_SideScrollerBP.upack' (chunk index -1, root 'root:/') mounted
[2022.03.28-16.47.36:009][  0]LogShaderLibrary: Display: ShaderCodeLibraryPakFileMountedCallback: pending pak file info (ChunkID:-1 Root:root:/ File:C:/Program Files/Epic Games/UE_4.27/FeaturePacks/TP_SideScrollerBP.upack)
[2022.03.28-16.47.36:009][  0]LogPakFile: OnPakFileMounted2Time == 0.000032
[2022.03.28-16.47.36:010][  0]LogPakFile: PakFile PrimaryIndexSize=187
[2022.03.28-16.47.36:010][  0]LogPakFile: PakFile PathHashIndexSize=101
[2022.03.28-16.47.36:010][  0]LogPakFile: PakFile FullDirectoryIndexSize=148
[2022.03.28-16.47.36:010][  0]LogShaderLibrary: Display: ShaderCodeLibraryPakFileMountedCallback: PakFile 'C:/Program Files/Epic Games/UE_4.27/FeaturePacks/TP_ThirdPerson.upack' (chunk index -1, root 'root:/') mounted
[2022.03.28-16.47.36:010][  0]LogShaderLibrary: Display: ShaderCodeLibraryPakFileMountedCallback: pending pak file info (ChunkID:-1 Root:root:/ File:C:/Program Files/Epic Games/UE_4.27/FeaturePacks/TP_ThirdPerson.upack)
[2022.03.28-16.47.36:010][  0]LogPakFile: OnPakFileMounted2Time == 0.000038
[2022.03.28-16.47.36:010][  0]LogPakFile: PakFile PrimaryIndexSize=189
[2022.03.28-16.47.36:011][  0]LogPakFile: PakFile PathHashIndexSize=101
[2022.03.28-16.47.36:011][  0]LogPakFile: PakFile FullDirectoryIndexSize=152
[2022.03.28-16.47.36:011][  0]LogShaderLibrary: Display: ShaderCodeLibraryPakFileMountedCallback: PakFile 'C:/Program Files/Epic Games/UE_4.27/FeaturePacks/TP_ThirdPersonBP.upack' (chunk index -1, root 'root:/') mounted
[2022.03.28-16.47.36:011][  0]LogShaderLibrary: Display: ShaderCodeLibraryPakFileMountedCallback: pending pak file info (ChunkID:-1 Root:root:/ File:C:/Program Files/Epic Games/UE_4.27/FeaturePacks/TP_ThirdPersonBP.upack)
[2022.03.28-16.47.36:011][  0]LogPakFile: OnPakFileMounted2Time == 0.000054
[2022.03.28-16.47.36:011][  0]LogPakFile: PakFile PrimaryIndexSize=183
[2022.03.28-16.47.36:011][  0]LogPakFile: PakFile PathHashIndexSize=101
[2022.03.28-16.47.36:011][  0]LogPakFile: PakFile FullDirectoryIndexSize=140
[2022.03.28-16.47.36:011][  0]LogShaderLibrary: Display: ShaderCodeLibraryPakFileMountedCallback: PakFile 'C:/Program Files/Epic Games/UE_4.27/FeaturePacks/TP_TopDown.upack' (chunk index -1, root 'root:/') mounted
[2022.03.28-16.47.36:011][  0]LogShaderLibrary: Display: ShaderCodeLibraryPakFileMountedCallback: pending pak file info (ChunkID:-1 Root:root:/ File:C:/Program Files/Epic Games/UE_4.27/FeaturePacks/TP_TopDown.upack)
[2022.03.28-16.47.36:011][  0]LogPakFile: OnPakFileMounted2Time == 0.000044
[2022.03.28-16.47.36:012][  0]LogPakFile: PakFile PrimaryIndexSize=185
[2022.03.28-16.47.36:012][  0]LogPakFile: PakFile PathHashIndexSize=101
[2022.03.28-16.47.36:012][  0]LogPakFile: PakFile FullDirectoryIndexSize=144
[2022.03.28-16.47.36:012][  0]LogShaderLibrary: Display: ShaderCodeLibraryPakFileMountedCallback: PakFile 'C:/Program Files/Epic Games/UE_4.27/FeaturePacks/TP_TopDownBP.upack' (chunk index -1, root 'root:/') mounted
[2022.03.28-16.47.36:012][  0]LogShaderLibrary: Display: ShaderCodeLibraryPakFileMountedCallback: pending pak file info (ChunkID:-1 Root:root:/ File:C:/Program Files/Epic Games/UE_4.27/FeaturePacks/TP_TopDownBP.upack)
[2022.03.28-16.47.36:012][  0]LogPakFile: OnPakFileMounted2Time == 0.000033
[2022.03.28-16.47.36:012][  0]LogPakFile: PakFile PrimaryIndexSize=185
[2022.03.28-16.47.36:012][  0]LogPakFile: PakFile PathHashIndexSize=101
[2022.03.28-16.47.36:012][  0]LogPakFile: PakFile FullDirectoryIndexSize=144
[2022.03.28-16.47.36:012][  0]LogShaderLibrary: Display: ShaderCodeLibraryPakFileMountedCallback: PakFile 'C:/Program Files/Epic Games/UE_4.27/FeaturePacks/TP_TwinStick.upack' (chunk index -1, root 'root:/') mounted
[2022.03.28-16.47.36:012][  0]LogShaderLibrary: Display: ShaderCodeLibraryPakFileMountedCallback: pending pak file info (ChunkID:-1 Root:root:/ File:C:/Program Files/Epic Games/UE_4.27/FeaturePacks/TP_TwinStick.upack)
[2022.03.28-16.47.36:012][  0]LogPakFile: OnPakFileMounted2Time == 0.000066
[2022.03.28-16.47.36:013][  0]LogPakFile: PakFile PrimaryIndexSize=187
[2022.03.28-16.47.36:013][  0]LogPakFile: PakFile PathHashIndexSize=101
[2022.03.28-16.47.36:013][  0]LogPakFile: PakFile FullDirectoryIndexSize=148
[2022.03.28-16.47.36:013][  0]LogShaderLibrary: Display: ShaderCodeLibraryPakFileMountedCallback: PakFile 'C:/Program Files/Epic Games/UE_4.27/FeaturePacks/TP_TwinStickBP.upack' (chunk index -1, root 'root:/') mounted
[2022.03.28-16.47.36:013][  0]LogShaderLibrary: Display: ShaderCodeLibraryPakFileMountedCallback: pending pak file info (ChunkID:-1 Root:root:/ File:C:/Program Files/Epic Games/UE_4.27/FeaturePacks/TP_TwinStickBP.upack)
[2022.03.28-16.47.36:013][  0]LogPakFile: OnPakFileMounted2Time == 0.000055
[2022.03.28-16.47.36:014][  0]LogPakFile: PakFile PrimaryIndexSize=183
[2022.03.28-16.47.36:014][  0]LogPakFile: PakFile PathHashIndexSize=101
[2022.03.28-16.47.36:014][  0]LogPakFile: PakFile FullDirectoryIndexSize=140
[2022.03.28-16.47.36:014][  0]LogShaderLibrary: Display: ShaderCodeLibraryPakFileMountedCallback: PakFile 'C:/Program Files/Epic Games/UE_4.27/FeaturePacks/TP_Vehicle.upack' (chunk index -1, root 'root:/') mounted
[2022.03.28-16.47.36:014][  0]LogShaderLibrary: Display: ShaderCodeLibraryPakFileMountedCallback: pending pak file info (ChunkID:-1 Root:root:/ File:C:/Program Files/Epic Games/UE_4.27/FeaturePacks/TP_Vehicle.upack)
[2022.03.28-16.47.36:014][  0]LogPakFile: OnPakFileMounted2Time == 0.000059
[2022.03.28-16.47.36:015][  0]LogPakFile: PakFile PrimaryIndexSize=186
[2022.03.28-16.47.36:015][  0]LogPakFile: PakFile PathHashIndexSize=101
[2022.03.28-16.47.36:015][  0]LogPakFile: PakFile FullDirectoryIndexSize=146
[2022.03.28-16.47.36:015][  0]LogShaderLibrary: Display: ShaderCodeLibraryPakFileMountedCallback: PakFile 'C:/Program Files/Epic Games/UE_4.27/FeaturePacks/TP_VehicleAdv.upack' (chunk index -1, root 'root:/') mounted
[2022.03.28-16.47.36:015][  0]LogShaderLibrary: Display: ShaderCodeLibraryPakFileMountedCallback: pending pak file info (ChunkID:-1 Root:root:/ File:C:/Program Files/Epic Games/UE_4.27/FeaturePacks/TP_VehicleAdv.upack)
[2022.03.28-16.47.36:015][  0]LogPakFile: OnPakFileMounted2Time == 0.000035
[2022.03.28-16.47.36:015][  0]LogPakFile: PakFile PrimaryIndexSize=188
[2022.03.28-16.47.36:016][  0]LogPakFile: PakFile PathHashIndexSize=101
[2022.03.28-16.47.36:016][  0]LogPakFile: PakFile FullDirectoryIndexSize=150
[2022.03.28-16.47.36:016][  0]LogShaderLibrary: Display: ShaderCodeLibraryPakFileMountedCallback: PakFile 'C:/Program Files/Epic Games/UE_4.27/FeaturePacks/TP_VehicleAdvBP.upack' (chunk index -1, root 'root:/') mounted
[2022.03.28-16.47.36:016][  0]LogShaderLibrary: Display: ShaderCodeLibraryPakFileMountedCallback: pending pak file info (ChunkID:-1 Root:root:/ File:C:/Program Files/Epic Games/UE_4.27/FeaturePacks/TP_VehicleAdvBP.upack)
[2022.03.28-16.47.36:016][  0]LogPakFile: OnPakFileMounted2Time == 0.000040
[2022.03.28-16.47.36:016][  0]LogPakFile: PakFile PrimaryIndexSize=185
[2022.03.28-16.47.36:016][  0]LogPakFile: PakFile PathHashIndexSize=101
[2022.03.28-16.47.36:016][  0]LogPakFile: PakFile FullDirectoryIndexSize=144
[2022.03.28-16.47.36:016][  0]LogShaderLibrary: Display: ShaderCodeLibraryPakFileMountedCallback: PakFile 'C:/Program Files/Epic Games/UE_4.27/FeaturePacks/TP_VehicleBP.upack' (chunk index -1, root 'root:/') mounted
[2022.03.28-16.47.36:016][  0]LogShaderLibrary: Display: ShaderCodeLibraryPakFileMountedCallback: pending pak file info (ChunkID:-1 Root:root:/ File:C:/Program Files/Epic Games/UE_4.27/FeaturePacks/TP_VehicleBP.upack)
[2022.03.28-16.47.36:016][  0]LogPakFile: OnPakFileMounted2Time == 0.000036
[2022.03.28-16.47.36:017][  0]LogPakFile: PakFile PrimaryIndexSize=192
[2022.03.28-16.47.36:017][  0]LogPakFile: PakFile PathHashIndexSize=101
[2022.03.28-16.47.36:017][  0]LogPakFile: PakFile FullDirectoryIndexSize=158
[2022.03.28-16.47.36:017][  0]LogShaderLibrary: Display: ShaderCodeLibraryPakFileMountedCallback: PakFile 'C:/Program Files/Epic Games/UE_4.27/FeaturePacks/TP_VirtualRealityBP.upack' (chunk index -1, root 'root:/') mounted
[2022.03.28-16.47.36:017][  0]LogShaderLibrary: Display: ShaderCodeLibraryPakFileMountedCallback: pending pak file info (ChunkID:-1 Root:root:/ File:C:/Program Files/Epic Games/UE_4.27/FeaturePacks/TP_VirtualRealityBP.upack)
[2022.03.28-16.47.36:017][  0]LogPakFile: OnPakFileMounted2Time == 0.000034
[2022.03.28-16.47.36:072][  0]LogNativeClassHierarchy: Verbose: Native class hierarchy updated for 'AddContentDialog' in 0.0003 seconds. Added 0 classes and 0 folders.
[2022.03.28-16.47.36:073][  0]LogNativeClassHierarchy: Verbose: Native class hierarchy updated for 'SceneOutliner' in 0.0002 seconds. Added 2 classes and 0 folders.
[2022.03.28-16.47.36:121][  0]LogSlate: Took 0.000158 seconds to synchronously load lazily loaded font '../../../Engine/Content/Slate/Fonts/Roboto-Regular.ttf' (155K)
[2022.03.28-16.47.36:123][  0]LogSlate: Took 0.000166 seconds to synchronously load lazily loaded font '../../../Engine/Content/Editor/Slate/Fonts/FontAwesome.ttf' (139K)
[2022.03.28-16.47.36:124][  0]LogSlate: Took 0.000152 seconds to synchronously load lazily loaded font '../../../Engine/Content/Slate/Fonts/Roboto-Bold.ttf' (160K)
[2022.03.28-16.47.36:209][  0]LogRenderer: Reallocating scene render targets to support 1208x572 Format 10 NumSamples 1 (Frame:1).
[2022.03.28-16.47.36:301][  0]LogNativeClassHierarchy: Verbose: Native class hierarchy updated for 'HierarchicalLODOutliner' in 0.0002 seconds. Added 0 classes and 0 folders.
[2022.03.28-16.47.36:301][  0]LogInput: Warning: Action Jump uses invalid key OculusGo_Left_Trigger_Click.
[2022.03.28-16.47.36:301][  0]LogInput: Warning: Action ResetVR uses invalid key OculusGo_Left_Trackpad_Click.
[2022.03.28-16.47.36:301][  0]LogInput: Warning: Use -RemoveInvalidKeys to remove instances of these keys from the action mapping.
[2022.03.28-16.47.36:301][  0]LogLoad: (Engine Initialization) Total time: 7.86 seconds
[2022.03.28-16.47.36:301][  0]LogLoad: (Engine Initialization) Total Blueprint compile time: 0.00 seconds
[2022.03.28-16.47.36:345][  0]LogAssetRegistry: Asset discovery search completed in 4.8556 seconds
[2022.03.28-16.47.36:350][  0]LogCollectionManager: Fixed up redirectors for 0 collections in 0.000003 seconds (updated 0 objects)
[2022.03.28-16.47.36:352][  0]LogContentStreaming: Texture pool size now 1000 MB
[2022.03.28-16.47.36:422][  0]LogSlate: Took 0.000160 seconds to synchronously load lazily loaded font '../../../Engine/Content/Slate/Fonts/DroidSansMono.ttf' (77K)
[2022.03.28-16.47.36:427][  1]LogFileCache: Retrieving MD5 hashes for directory 'C:/Users/ngarris/Documents/GitHub/RaccoonGame/Content/' took 0.11s
[2022.03.28-16.47.36:449][  2]LogSlate: Took 0.000142 seconds to synchronously load lazily loaded font '../../../Engine/Content/Slate/Fonts/Roboto-Light.ttf' (167K)
[2022.03.28-16.47.52:419][911]LogSlate: Window 'Message Log' being destroyed
[2022.03.28-16.47.52:424][911]LogSlate: Window 'Message Log' being destroyed
[2022.03.28-16.48.34:375][625]LogSlate: Took 0.004404 seconds to synchronously load lazily loaded font '../../../Engine/Content/Slate/Fonts/Roboto-Italic.ttf' (157K)
[2022.03.28-16.51.59:972][440]LogSlate: Took 0.004047 seconds to synchronously load lazily loaded font '../../../Engine/Content/Slate/Fonts/Roboto-Light.ttf' (167K)
[2022.03.28-16.51.59:988][440]LogAssetEditorSubsystem: Opening Asset editor for Blueprint /Game/ThirdPersonCharacter.ThirdPersonCharacter
[2022.03.28-16.52.00:687][440]LogNativeClassHierarchy: Verbose: Native class hierarchy updated for 'BlueprintGraph' in 0.0005 seconds. Added 126 classes and 0 folders.
[2022.03.28-16.52.01:507][440]LogSlate: Took 0.004454 seconds to synchronously load lazily loaded font '../../../Engine/Content/Slate/Fonts/Roboto-BoldCondensed.ttf' (158K)
